SF:/Users/wolf/Coden/L0gg3r/L0gg3r.LogSinks.Console.SmartConsoleLogSink/tests/SmartConsoleLogSinkTests/src/VerifyInit.cs
FN:7,System.Void VerifyInit::Init()
FNDA:0,System.Void VerifyInit::Init()
DA:8,0
DA:9,0
DA:10,0
LF:3
LH:0
BRF:0
BRH:0
FNF:1
FNH:0
end_of_record
SF:/Users/wolf/.nuget/packages/microsoft.net.test.sdk/17.8.0/build/netcoreapp3.1/Microsoft.NET.Test.Sdk.Program.cs
FN:3,System.Void AutoGeneratedProgram::Main(System.String[])
FNDA:0,System.Void AutoGeneratedProgram::Main(System.String[])
DA:4,0
LF:1
LH:0
BRF:0
BRH:0
FNF:1
FNH:0
end_of_record
SF:/Users/wolf/Coden/L0gg3r/L0gg3r.LogSinks.Console.SmartConsoleLogSink/tests/SmartConsoleLogSinkTests/src/PropertyTests/FormatProperty.Tests.cs
FN:9,System.Void SmartConsoleLogSinkTests.PropertyTests.FormatPropertyTests.TheFormatProperty/<ShouldFormatMessage>d__0::MoveNext()
FNDA:0,System.Void SmartConsoleLogSinkTests.PropertyTests.FormatPropertyTests.TheFormatProperty/<ShouldFormatMessage>d__0::MoveNext()
DA:10,0
DA:12,0
DA:13,0
DA:14,0
DA:17,0
DA:19,0
DA:20,0
DA:21,0
DA:22,0
DA:25,0
DA:26,0
LF:11
LH:0
BRF:0
BRH:0
FNF:1
FNH:0
end_of_record
SF:/Users/wolf/Coden/L0gg3r/L0gg3r.LogSinks.Console.SmartConsoleLogSink/tests/SmartConsoleLogSinkTests/src/ConsoleOutput.Tests.cs
FN:29,System.Void SmartConsoleLogSinkTests.ConsoleOutput.Tests.TheSmartConsoleLogSink/<ShouldWriteALogMessageWithANullPayloadToConsole>d__1::MoveNext()
FNDA:0,System.Void SmartConsoleLogSinkTests.ConsoleOutput.Tests.TheSmartConsoleLogSink/<ShouldWriteALogMessageWithANullPayloadToConsole>d__1::MoveNext()
DA:30,0
DA:32,0
DA:33,0
DA:36,0
DA:37,0
DA:38,0
DA:39,0
DA:40,0
DA:42,0
DA:45,0
DA:46,0
FN:9,System.Void SmartConsoleLogSinkTests.ConsoleOutput.Tests.TheSmartConsoleLogSink/<ShouldWriteLogMessageToConsole>d__0::MoveNext()
FNDA:0,System.Void SmartConsoleLogSinkTests.ConsoleOutput.Tests.TheSmartConsoleLogSink/<ShouldWriteLogMessageToConsole>d__0::MoveNext()
DA:10,0
DA:12,0
DA:13,0
DA:16,0
DA:17,0
DA:18,0
DA:19,0
DA:20,0
DA:22,0
DA:25,0
DA:26,0
LF:22
LH:0
BRF:0
BRH:0
FNF:2
FNH:0
end_of_record
SF:/Users/wolf/Coden/L0gg3r/L0gg3r/src/Builder/BuilderBase{TTarget,TBuilder}.cs
FN:38,TBuilder L0gg3r.BuilderBase`2::WithModification(System.Action`1<TTarget>)
FNDA:0,TBuilder L0gg3r.BuilderBase`2::WithModification(System.Action`1<TTarget>)
DA:39,0
DA:40,0
DA:42,0
DA:43,0
FN:49,TTarget L0gg3r.BuilderBase`2::Build()
FNDA:0,TTarget L0gg3r.BuilderBase`2::Build()
DA:50,0
DA:51,0
DA:53,0
DA:54,0
DA:55,0
DA:56,0
DA:58,0
DA:59,0
BRDA:53,47,1,0
BRDA:53,47,0,0
FN:23,System.Void L0gg3r.BuilderBase`2::.ctor()
FNDA:0,System.Void L0gg3r.BuilderBase`2::.ctor()
DA:24,0
LF:13
LH:0
BRF:2
BRH:0
FNF:3
FNH:0
end_of_record
SF:/Users/wolf/Coden/L0gg3r/L0gg3r/src/Builder/LoggerBuilder.cs
FN:50,L0gg3r.LogTo L0gg3r.LoggerBuilder::get_LogTo()
FNDA:0,L0gg3r.LogTo L0gg3r.LoggerBuilder::get_LogTo()
DA:51,0
FN:59,System.Collections.Generic.ICollection`1<L0gg3r.ILogSink> L0gg3r.LoggerBuilder::get_LogSinks()
FNDA:0,System.Collections.Generic.ICollection`1<L0gg3r.ILogSink> L0gg3r.LoggerBuilder::get_LogSinks()
DA:60,0
FN:64,System.Collections.Generic.ICollection`1<L0gg3r.ILogSink> L0gg3r.LoggerBuilder::get_AsyncLogSinks()
FNDA:0,System.Collections.Generic.ICollection`1<L0gg3r.ILogSink> L0gg3r.LoggerBuilder::get_AsyncLogSinks()
DA:65,0
FN:76,L0gg3r.LoggerBuilder L0gg3r.LoggerBuilder::WithName(System.String)
FNDA:0,L0gg3r.LoggerBuilder L0gg3r.LoggerBuilder::WithName(System.String)
DA:77,0
DA:78,0
DA:80,0
DA:81,0
FN:88,L0gg3r.LoggerBuilder L0gg3r.LoggerBuilder::WithMinimumLogLevel(L0gg3r.LogLevel)
FNDA:0,L0gg3r.LoggerBuilder L0gg3r.LoggerBuilder::WithMinimumLogLevel(L0gg3r.LogLevel)
DA:89,0
DA:90,0
DA:91,0
FN:98,L0gg3r.LoggerBuilder L0gg3r.LoggerBuilder::WithFilter(System.Predicate`1<L0gg3r.LogMessage>)
FNDA:0,L0gg3r.LoggerBuilder L0gg3r.LoggerBuilder::WithFilter(System.Predicate`1<L0gg3r.LogMessage>)
DA:99,0
DA:100,0
DA:102,0
DA:103,0
FN:110,L0gg3r.LoggerBuilder L0gg3r.LoggerBuilder::WithChildLogger(System.String)
FNDA:0,L0gg3r.LoggerBuilder L0gg3r.LoggerBuilder::WithChildLogger(System.String)
DA:111,0
DA:112,0
DA:114,0
DA:115,0
DA:116,0
DA:117,0
DA:118,0
DA:119,0
DA:120,0
FN:128,L0gg3r.LoggerBuilder L0gg3r.LoggerBuilder::WithChildLogger(System.String,System.Action`1<L0gg3r.LoggerBuilder>)
FNDA:0,L0gg3r.LoggerBuilder L0gg3r.LoggerBuilder::WithChildLogger(System.String,System.Action`1<L0gg3r.LoggerBuilder>)
DA:129,0
DA:130,0
DA:132,0
DA:134,0
DA:136,0
DA:137,0
DA:138,0
DA:139,0
DA:140,0
DA:141,0
DA:142,0
FN:27,System.Void L0gg3r.LoggerBuilder::.ctor()
FNDA:0,System.Void L0gg3r.LoggerBuilder::.ctor()
DA:28,0
DA:29,0
DA:30,0
DA:32,0
DA:33,0
BRDA:30,53,0,0
BRDA:30,53,1,0
FN:38,System.Void L0gg3r.LoggerBuilder::.ctor(System.String)
FNDA:0,System.Void L0gg3r.LoggerBuilder::.ctor(System.String)
DA:39,0
DA:40,0
DA:41,0
DA:42,0
LF:43
LH:0
BRF:2
BRH:0
FNF:10
FNH:0
end_of_record
SF:/Users/wolf/Coden/L0gg3r/L0gg3r/src/Builder/LogTo.cs
FN:33,L0gg3r.LoggerBuilder L0gg3r.LogTo::LogSink(TLogSink)
FNDA:0,L0gg3r.LoggerBuilder L0gg3r.LogTo::LogSink(TLogSink)
DA:34,0
DA:35,0
DA:36,0
FN:47,L0gg3r.LoggerBuilder L0gg3r.LogTo::LogSink(L0gg3r.LogSinkBuilder`2<TLogSink,TBuilder>)
FNDA:0,L0gg3r.LoggerBuilder L0gg3r.LogTo::LogSink(L0gg3r.LogSinkBuilder`2<TLogSink,TBuilder>)
DA:48,0
DA:49,0
DA:50,0
FN:14,System.Void L0gg3r.LogTo::.ctor(L0gg3r.LoggerBuilder)
FNDA:0,System.Void L0gg3r.LogTo::.ctor(L0gg3r.LoggerBuilder)
DA:15,0
DA:20,0
LF:8
LH:0
BRF:0
BRH:0
FNF:3
FNH:0
end_of_record
SF:/Users/wolf/Coden/L0gg3r/L0gg3r/src/Disposable.cs
FN:33,System.Boolean L0gg3r.Disposable::get_IsDisposed()
FNDA:0,System.Boolean L0gg3r.Disposable::get_IsDisposed()
DA:34,0
FN:42,System.Void L0gg3r.Disposable::Dispose()
FNDA:0,System.Void L0gg3r.Disposable::Dispose()
DA:43,0
DA:44,0
DA:46,0
DA:48,0
DA:49,0
FN:53,System.String L0gg3r.Disposable::GetDebuggerDisplay()
FNDA:0,System.String L0gg3r.Disposable::GetDebuggerDisplay()
DA:54,0
FN:19,System.Void L0gg3r.Disposable::.ctor(System.Action)
FNDA:0,System.Void L0gg3r.Disposable::.ctor(System.Action)
DA:20,0
DA:25,0
LF:9
LH:0
BRF:0
BRH:0
FNF:4
FNH:0
end_of_record
SF:/Users/wolf/Coden/L0gg3r/L0gg3r/src/Extensions/AppDomainExtensions.cs
FN:24,System.Boolean L0gg3r.AppDomainExtensions/<GetLogMessageWriterInfos>d__0::MoveNext()
FNDA:0,System.Boolean L0gg3r.AppDomainExtensions/<GetLogMessageWriterInfos>d__0::MoveNext()
DA:25,0
DA:26,0
DA:28,0
DA:29,0
DA:30,0
DA:31,0
DA:32,0
DA:33,0
DA:34,0
DA:35,0
BRDA:28,260,1,0
BRDA:30,208,1,0
BRDA:30,208,0,0
BRDA:28,260,0,0
LF:10
LH:0
BRF:4
BRH:0
FNF:1
FNH:0
end_of_record
SF:/Users/wolf/Coden/L0gg3r/L0gg3r/src/Extensions/AssemblyExtensions.cs
FN:29,System.Boolean L0gg3r.AssemblyExtensions/<GetLogMessageWriterInfos>d__0::MoveNext()
FNDA:0,System.Boolean L0gg3r.AssemblyExtensions/<GetLogMessageWriterInfos>d__0::MoveNext()
DA:30,0
DA:31,0
DA:32,0
DA:33,0
DA:34,0
DA:35,0
DA:36,0
DA:37,0
DA:39,0
DA:40,0
DA:41,0
DA:42,0
DA:43,0
DA:44,0
DA:45,0
BRDA:31,260,1,0
BRDA:33,96,0,0
BRDA:33,109,0,0
BRDA:33,96,1,0
BRDA:33,109,1,0
BRDA:33,142,0,0
BRDA:39,173,0,0
BRDA:39,173,1,0
BRDA:33,142,1,0
BRDA:31,260,0,0
LF:15
LH:0
BRF:10
BRH:0
FNF:1
FNH:0
end_of_record
SF:/Users/wolf/Coden/L0gg3r/L0gg3r/src/Extensions/LoggerExtensions.cs
FN:28,L0gg3r.Logger L0gg3r.LoggerExtensions::Info(L0gg3r.Logger,System.String)
FNDA:0,L0gg3r.Logger L0gg3r.LoggerExtensions::Info(L0gg3r.Logger,System.String)
DA:29,0
DA:30,0
DA:31,0
DA:33,0
DA:35,0
DA:36,0
FN:46,L0gg3r.Logger L0gg3r.LoggerExtensions::Warning(L0gg3r.Logger,System.String)
FNDA:0,L0gg3r.Logger L0gg3r.LoggerExtensions::Warning(L0gg3r.Logger,System.String)
DA:47,0
DA:48,0
DA:49,0
DA:51,0
DA:53,0
DA:54,0
FN:64,L0gg3r.Logger L0gg3r.LoggerExtensions::Error(L0gg3r.Logger,System.String)
FNDA:0,L0gg3r.Logger L0gg3r.LoggerExtensions::Error(L0gg3r.Logger,System.String)
DA:65,0
DA:66,0
DA:67,0
DA:69,0
DA:71,0
DA:72,0
LF:18
LH:0
BRF:0
BRH:0
FNF:3
FNH:0
end_of_record
SF:/Users/wolf/Coden/L0gg3r/L0gg3r/src/Extensions/TypeExtensions.cs
FN:27,L0gg3r.LogMessageWriterInfo L0gg3r.TypeExtensions::GetLogMessageWriterInfo(System.Type)
FNDA:0,L0gg3r.LogMessageWriterInfo L0gg3r.TypeExtensions::GetLogMessageWriterInfo(System.Type)
DA:28,0
DA:29,0
DA:31,0
DA:32,0
BRDA:29,8,0,0
BRDA:29,8,1,0
LF:4
LH:0
BRF:2
BRH:0
FNF:1
FNH:0
end_of_record
SF:/Users/wolf/Coden/L0gg3r/L0gg3r/src/Logger.cs
FN:84,System.Boolean L0gg3r.Logger::get_IsDisposed()
FNDA:0,System.Boolean L0gg3r.Logger::get_IsDisposed()
DA:85,0
FN:89,System.String L0gg3r.Logger::get_Name()
FNDA:0,System.String L0gg3r.Logger::get_Name()
DA:90,0
FN:97,L0gg3r.Logger L0gg3r.Logger::get_ParentLogger()
FNDA:0,L0gg3r.Logger L0gg3r.Logger::get_ParentLogger()
DA:98,0
FN:102,System.Collections.Generic.IEnumerable`1<L0gg3r.ILogSink> L0gg3r.Logger::get_LogSinks()
FNDA:0,System.Collections.Generic.IEnumerable`1<L0gg3r.ILogSink> L0gg3r.Logger::get_LogSinks()
DA:103,0
FN:107,System.Collections.Generic.IEnumerable`1<System.Predicate`1<L0gg3r.LogMessage>> L0gg3r.Logger::get_Filters()
FNDA:0,System.Collections.Generic.IEnumerable`1<System.Predicate`1<L0gg3r.LogMessage>> L0gg3r.Logger::get_Filters()
DA:108,0
FN:112,System.Collections.Generic.IReadOnlyDictionary`2<System.String,L0gg3r.Logger> L0gg3r.Logger::get_ChildLoggers()
FNDA:0,System.Collections.Generic.IReadOnlyDictionary`2<System.String,L0gg3r.Logger> L0gg3r.Logger::get_ChildLoggers()
DA:113,0
FN:120,L0gg3r.LogLevel L0gg3r.Logger::get_MinimumLogLevel()
FNDA:0,L0gg3r.LogLevel L0gg3r.Logger::get_MinimumLogLevel()
DA:121,0
FN:125,System.TimeProvider L0gg3r.Logger::get_TimeProvider()
FNDA:0,System.TimeProvider L0gg3r.Logger::get_TimeProvider()
DA:126,0
FN:136,L0gg3r.LoggerBuilder L0gg3r.Logger::CreateLogger()
FNDA:0,L0gg3r.LoggerBuilder L0gg3r.Logger::CreateLogger()
DA:137,0
DA:138,0
DA:140,0
DA:141,0
BRDA:138,17,0,0
BRDA:138,17,1,0
FN:174,L0gg3r.Logger L0gg3r.Logger::Log(L0gg3r.LogLevel,System.Object)
FNDA:0,L0gg3r.Logger L0gg3r.Logger::Log(L0gg3r.LogLevel,System.Object)
DA:175,0
DA:176,0
DA:178,0
DA:179,0
DA:180,0
DA:181,0
DA:182,0
DA:183,0
DA:184,0
DA:186,0
DA:188,0
DA:189,0
FN:194,System.Void L0gg3r.Logger::Flush()
FNDA:0,System.Void L0gg3r.Logger::Flush()
DA:195,0
FN:238,L0gg3r.Logger L0gg3r.Logger::GetChildLogger(System.String)
FNDA:0,L0gg3r.Logger L0gg3r.Logger::GetChildLogger(System.String)
DA:239,0
DA:240,0
DA:242,0
DA:243,0
DA:244,0
DA:247,0
DA:248,0
DA:250,0
DA:252,0
DA:254,0
BRDA:242,30,0,0
BRDA:242,30,1,0
FN:262,System.IDisposable L0gg3r.Logger::AddLogSink(L0gg3r.ILogSink)
FNDA:0,System.IDisposable L0gg3r.Logger::AddLogSink(L0gg3r.ILogSink)
DA:263,0
DA:264,0
DA:266,0
DA:268,0
DA:270,0
DA:271,0
FN:278,System.Void L0gg3r.Logger::RemoveLogSink(L0gg3r.ILogSink)
FNDA:0,System.Void L0gg3r.Logger::RemoveLogSink(L0gg3r.ILogSink)
DA:279,0
DA:280,0
DA:282,0
DA:284,0
DA:285,0
DA:286,0
DA:287,0
DA:289,0
DA:290,0
DA:292,0
BRDA:284,35,0,0
BRDA:284,35,1,0
FN:300,System.IDisposable L0gg3r.Logger::AddFilter(System.Predicate`1<L0gg3r.LogMessage>)
FNDA:0,System.IDisposable L0gg3r.Logger::AddFilter(System.Predicate`1<L0gg3r.LogMessage>)
DA:301,0
DA:302,0
DA:304,0
DA:306,0
DA:307,0
FN:314,System.Void L0gg3r.Logger::RemoveFilter(System.Predicate`1<L0gg3r.LogMessage>)
FNDA:0,System.Void L0gg3r.Logger::RemoveFilter(System.Predicate`1<L0gg3r.LogMessage>)
DA:315,0
DA:316,0
DA:318,0
DA:320,0
DA:321,0
FN:330,System.Void L0gg3r.Logger::Log(L0gg3r.LogMessage&)
FNDA:0,System.Void L0gg3r.Logger::Log(L0gg3r.LogMessage&)
DA:331,0
FN:337,System.Void L0gg3r.Logger::AddChildLogger(L0gg3r.Logger)
FNDA:0,System.Void L0gg3r.Logger::AddChildLogger(L0gg3r.Logger)
DA:338,0
DA:339,0
DA:341,0
DA:342,0
FN:381,L0gg3r.LogMessage L0gg3r.Logger::TransformLogMessage(L0gg3r.LogMessage)
FNDA:0,L0gg3r.LogMessage L0gg3r.Logger::TransformLogMessage(L0gg3r.LogMessage)
DA:382,0
DA:383,0
DA:384,0
DA:385,0
DA:386,0
DA:387,0
FN:388,System.Boolean L0gg3r.Logger::MiniumLogLevelFilter(L0gg3r.LogMessage)
FNDA:0,System.Boolean L0gg3r.Logger::MiniumLogLevelFilter(L0gg3r.LogMessage)
DA:389,0
FN:25,System.Void L0gg3r.Logger::.ctor()
FNDA:0,System.Void L0gg3r.Logger::.ctor()
DA:26,0
DA:28,0
DA:37,0
DA:38,0
DA:39,0
DA:41,0
DA:42,0
DA:43,0
DA:44,0
DA:47,0
DA:49,0
BRDA:39,74,0,0
BRDA:39,74,1,0
FN:55,System.Void L0gg3r.Logger::.ctor(System.String)
FNDA:0,System.Void L0gg3r.Logger::.ctor(System.String)
DA:56,0
DA:57,0
DA:58,0
DA:59,0
FN:70,System.Void L0gg3r.Logger::.ctor(System.String,L0gg3r.Logger)
FNDA:0,System.Void L0gg3r.Logger::.ctor(System.String,L0gg3r.Logger)
DA:71,0
DA:72,0
DA:73,0
DA:75,0
DA:76,0
FN:145,System.Void L0gg3r.Logger/<DisposeAsync>d__33::MoveNext()
FNDA:0,System.Void L0gg3r.Logger/<DisposeAsync>d__33::MoveNext()
DA:146,0
DA:147,0
DA:149,0
DA:151,0
DA:152,0
DA:153,0
DA:154,0
DA:155,0
DA:156,0
DA:157,0
DA:159,0
DA:161,0
DA:162,0
DA:163,0
DA:164,0
DA:165,0
BRDA:151,289,1,0
BRDA:153,151,0,0
BRDA:153,151,1,0
BRDA:151,289,0,0
BRDA:161,631,1,0
BRDA:161,631,0,0
FN:202,System.Void L0gg3r.Logger/<FlushAsync>d__36::MoveNext()
FNDA:0,System.Void L0gg3r.Logger/<FlushAsync>d__36::MoveNext()
DA:203,0
DA:204,0
DA:206,0
DA:208,0
DA:209,0
DA:210,0
DA:211,0
DA:213,0
DA:216,0
DA:217,0
DA:218,0
DA:219,0
DA:222,0
DA:223,0
DA:224,0
DA:225,0
DA:226,0
DA:227,0
DA:228,0
DA:229,0
BRDA:216,430,1,0
BRDA:216,430,0,0
BRDA:222,694,1,0
BRDA:224,545,0,0
BRDA:224,545,1,0
BRDA:222,694,0,0
FN:347,System.Void L0gg3r.Logger/<SubmitLogMessageAsync>d__44::MoveNext()
FNDA:0,System.Void L0gg3r.Logger/<SubmitLogMessageAsync>d__44::MoveNext()
DA:348,0
DA:349,0
DA:350,0
DA:351,0
DA:353,0
DA:356,0
DA:358,0
DA:360,0
DA:362,0
DA:364,0
DA:365,0
DA:366,0
DA:369,0
DA:370,0
DA:371,0
DA:372,0
DA:373,0
DA:374,0
DA:375,0
DA:376,0
DA:378,0
DA:379,0
BRDA:349,47,0,0
BRDA:349,47,1,0
BRDA:349,67,0,0
BRDA:349,67,1,0
BRDA:362,139,0,0
BRDA:362,139,1,0
BRDA:364,644,1,0
BRDA:364,644,0,0
LF:151
LH:0
BRF:28
BRH:0
FNF:26
FNH:0
end_of_record
SF:/Users/wolf/Coden/L0gg3r/L0gg3r/src/LogMessage/DisableAsyncRequest.cs
FN:33,System.Threading.Tasks.TaskCompletionSource L0gg3r.DisableAsyncRequest::get_TaskCompletionSource()
FNDA:0,System.Threading.Tasks.TaskCompletionSource L0gg3r.DisableAsyncRequest::get_TaskCompletionSource()
DA:34,0
FN:23,System.Void L0gg3r.DisableAsyncRequest::.ctor()
FNDA:0,System.Void L0gg3r.DisableAsyncRequest::.ctor()
DA:24,0
DA:25,0
LF:3
LH:0
BRF:0
BRH:0
FNF:2
FNH:0
end_of_record
SF:/Users/wolf/Coden/L0gg3r/L0gg3r/src/LogMessage/FlushAsyncRequest.cs
FN:33,System.Threading.Tasks.TaskCompletionSource L0gg3r.FlushAsyncRequest::get_TaskCompletionSource()
FNDA:12,System.Threading.Tasks.TaskCompletionSource L0gg3r.FlushAsyncRequest::get_TaskCompletionSource()
DA:34,12
FN:23,System.Void L0gg3r.FlushAsyncRequest::.ctor()
FNDA:4,System.Void L0gg3r.FlushAsyncRequest::.ctor()
DA:24,4
DA:25,4
LF:3
LH:3
BRF:0
BRH:0
FNF:2
FNH:2
end_of_record
SF:/Users/wolf/Coden/L0gg3r/L0gg3r/src/LogMessage/LogLevel.cs
FN:47,L0gg3r.LogLevel L0gg3r.LogLevel::get_Info()
FNDA:9,L0gg3r.LogLevel L0gg3r.LogLevel::get_Info()
DA:48,9
FN:52,L0gg3r.LogLevel L0gg3r.LogLevel::get_Warning()
FNDA:1,L0gg3r.LogLevel L0gg3r.LogLevel::get_Warning()
DA:53,1
FN:57,L0gg3r.LogLevel L0gg3r.LogLevel::get_Error()
FNDA:1,L0gg3r.LogLevel L0gg3r.LogLevel::get_Error()
DA:58,1
FN:69,System.Collections.Generic.IReadOnlyList`1<L0gg3r.LogLevel> L0gg3r.LogLevel::get_Order()
FNDA:0,System.Collections.Generic.IReadOnlyList`1<L0gg3r.LogLevel> L0gg3r.LogLevel::get_Order()
DA:70,0
FN:74,System.String L0gg3r.LogLevel::get_Name()
FNDA:3,System.String L0gg3r.LogLevel::get_Name()
DA:75,3
FN:79,System.String L0gg3r.LogLevel::get_Description()
FNDA:0,System.String L0gg3r.LogLevel::get_Description()
DA:80,0
FN:88,System.Boolean L0gg3r.LogLevel::op_LessThan(L0gg3r.LogLevel,L0gg3r.LogLevel)
FNDA:0,System.Boolean L0gg3r.LogLevel::op_LessThan(L0gg3r.LogLevel,L0gg3r.LogLevel)
DA:89,0
DA:90,0
DA:91,0
FN:99,System.Boolean L0gg3r.LogLevel::op_LessThanOrEqual(L0gg3r.LogLevel,L0gg3r.LogLevel)
FNDA:0,System.Boolean L0gg3r.LogLevel::op_LessThanOrEqual(L0gg3r.LogLevel,L0gg3r.LogLevel)
DA:100,0
DA:101,0
DA:102,0
BRDA:101,8,0,0
BRDA:101,8,1,0
FN:110,System.Boolean L0gg3r.LogLevel::op_GreaterThan(L0gg3r.LogLevel,L0gg3r.LogLevel)
FNDA:0,System.Boolean L0gg3r.LogLevel::op_GreaterThan(L0gg3r.LogLevel,L0gg3r.LogLevel)
DA:111,0
DA:112,0
DA:113,0
FN:121,System.Boolean L0gg3r.LogLevel::op_GreaterThanOrEqual(L0gg3r.LogLevel,L0gg3r.LogLevel)
FNDA:0,System.Boolean L0gg3r.LogLevel::op_GreaterThanOrEqual(L0gg3r.LogLevel,L0gg3r.LogLevel)
DA:122,0
DA:123,0
DA:124,0
BRDA:123,8,0,0
BRDA:123,8,1,0
FN:136,L0gg3r.LogLevel L0gg3r.LogLevel::InsertLogLevelBefore(L0gg3r.LogLevel,System.String,System.String)
FNDA:0,L0gg3r.LogLevel L0gg3r.LogLevel::InsertLogLevelBefore(L0gg3r.LogLevel,System.String,System.String)
DA:137,0
DA:138,0
DA:139,0
DA:140,0
DA:143,0
DA:144,0
DA:145,0
DA:148,0
DA:150,0
DA:152,0
DA:153,0
BRDA:138,43,0,0
BRDA:138,43,1,0
BRDA:143,95,0,0
BRDA:143,95,1,0
FN:165,L0gg3r.LogLevel L0gg3r.LogLevel::InsertLogLevelAfter(L0gg3r.LogLevel,System.String,System.String)
FNDA:0,L0gg3r.LogLevel L0gg3r.LogLevel::InsertLogLevelAfter(L0gg3r.LogLevel,System.String,System.String)
DA:166,0
DA:167,0
DA:168,0
DA:169,0
DA:172,0
DA:173,0
DA:174,0
DA:177,0
DA:179,0
DA:181,0
DA:182,0
BRDA:167,43,0,0
BRDA:167,43,1,0
BRDA:172,95,0,0
BRDA:172,95,1,0
FN:188,System.Void L0gg3r.LogLevel::ResetOrder()
FNDA:0,System.Void L0gg3r.LogLevel::ResetOrder()
DA:189,0
DA:190,0
DA:191,0
DA:192,0
DA:193,0
DA:194,0
DA:195,0
DA:196,0
FN:199,System.Int32 L0gg3r.LogLevel::CompareTo(System.Object)
FNDA:0,System.Int32 L0gg3r.LogLevel::CompareTo(System.Object)
DA:200,0
DA:201,0
DA:202,0
DA:203,0
DA:206,0
DA:207,0
DA:209,0
BRDA:201,7,0,0
BRDA:201,7,1,0
BRDA:201,22,0,0
BRDA:201,22,1,0
FN:212,System.Int32 L0gg3r.LogLevel::CompareTo(L0gg3r.LogLevel)
FNDA:0,System.Int32 L0gg3r.LogLevel::CompareTo(L0gg3r.LogLevel)
DA:213,0
DA:214,0
DA:215,0
DA:216,0
DA:219,0
DA:220,0
DA:221,0
DA:224,0
DA:225,0
BRDA:214,15,0,0
BRDA:214,15,1,0
BRDA:219,36,0,0
BRDA:219,36,1,0
FN:231,System.String L0gg3r.LogLevel::ToString()
FNDA:3,System.String L0gg3r.LogLevel::ToString()
DA:232,3
FN:37,System.Void L0gg3r.LogLevel::.ctor(System.String,System.String)
FNDA:3,System.Void L0gg3r.LogLevel::.ctor(System.String,System.String)
DA:38,3
DA:39,3
DA:41,3
DA:42,3
DA:43,3
FN:20,System.Void L0gg3r.LogLevel::.cctor()
FNDA:1,System.Void L0gg3r.LogLevel::.cctor()
DA:21,1
DA:22,1
DA:23,1
DA:24,1
DA:25,1
DA:26,1
LF:76
LH:16
BRF:20
BRH:0
FNF:18
FNH:7
end_of_record
SF:/Users/wolf/Coden/L0gg3r/L0gg3r/src/LogMessage/LogMessage.cs
FN:46,System.DateTimeOffset L0gg3r.LogMessage::get_Timestamp()
FNDA:11,System.DateTimeOffset L0gg3r.LogMessage::get_Timestamp()
DA:47,11
FN:52,L0gg3r.LogLevel L0gg3r.LogMessage::get_LogLevel()
FNDA:11,L0gg3r.LogLevel L0gg3r.LogMessage::get_LogLevel()
DA:53,11
FN:57,System.Object L0gg3r.LogMessage::get_Payload()
FNDA:35,System.Object L0gg3r.LogMessage::get_Payload()
DA:58,35
FN:62,System.Collections.Generic.IReadOnlyCollection`1<System.String> L0gg3r.LogMessage::get_Senders()
FNDA:3,System.Collections.Generic.IReadOnlyCollection`1<System.String> L0gg3r.LogMessage::get_Senders()
DA:63,3
FN:75,L0gg3r.Logger L0gg3r.LogMessage::get_FristSender()
FNDA:3,L0gg3r.Logger L0gg3r.LogMessage::get_FristSender()
DA:76,3
FN:84,L0gg3r.Logger L0gg3r.LogMessage::get_LastSender()
FNDA:3,L0gg3r.Logger L0gg3r.LogMessage::get_LastSender()
DA:85,3
FN:91,System.Boolean L0gg3r.LogMessage::Equals(L0gg3r.LogMessage)
FNDA:0,System.Boolean L0gg3r.LogMessage::Equals(L0gg3r.LogMessage)
DA:92,0
FN:94,System.Int32 L0gg3r.LogMessage::GetHashCode()
FNDA:0,System.Int32 L0gg3r.LogMessage::GetHashCode()
DA:95,0
FN:121,System.String L0gg3r.LogMessage::GetDebuggerDisplay()
FNDA:0,System.String L0gg3r.LogMessage::GetDebuggerDisplay()
DA:122,0
FN:36,System.Void L0gg3r.LogMessage::.ctor()
FNDA:8,System.Void L0gg3r.LogMessage::.ctor()
DA:37,8
DA:38,8
FN:100,System.Boolean L0gg3r.LogMessage/<GetSenders>d__25::MoveNext()
FNDA:3,System.Boolean L0gg3r.LogMessage/<GetSenders>d__25::MoveNext()
DA:101,3
DA:102,3
DA:103,3
DA:104,3
DA:105,0
DA:106,0
DA:107,0
DA:108,3
DA:110,0
DA:111,0
DA:113,0
DA:114,0
DA:115,0
DA:117,0
DA:118,0
DA:119,0
DA:120,3
BRDA:102,62,0,3
BRDA:104,84,0,0
BRDA:104,84,1,3
BRDA:102,62,1,0
BRDA:113,212,1,0
BRDA:113,212,0,0
LF:28
LH:14
BRF:6
BRH:2
FNF:11
FNH:8
end_of_record
SF:/Users/wolf/Coden/L0gg3r/L0gg3r/src/LogMessage/LogMessagePipeline.cs
FN:93,System.Func`2<L0gg3r.LogMessage,L0gg3r.LogMessage> L0gg3r.LogMessagePipeline::get_Transform()
FNDA:4,System.Func`2<L0gg3r.LogMessage,L0gg3r.LogMessage> L0gg3r.LogMessagePipeline::get_Transform()
DA:94,4
FN:98,System.Boolean L0gg3r.LogMessagePipeline::get_IsDisposed()
FNDA:8,System.Boolean L0gg3r.LogMessagePipeline::get_IsDisposed()
DA:99,8
FN:103,System.Collections.Generic.IEnumerable`1<System.Predicate`1<L0gg3r.LogMessage>> L0gg3r.LogMessagePipeline::get_Filters()
FNDA:0,System.Collections.Generic.IEnumerable`1<System.Predicate`1<L0gg3r.LogMessage>> L0gg3r.LogMessagePipeline::get_Filters()
DA:104,0
FN:108,System.Boolean L0gg3r.LogMessagePipeline::get_IsDisabled()
FNDA:8,System.Boolean L0gg3r.LogMessagePipeline::get_IsDisabled()
DA:109,8
FN:116,System.Void L0gg3r.LogMessagePipeline::Dispose()
FNDA:0,System.Void L0gg3r.LogMessagePipeline::Dispose()
DA:117,0
FN:140,L0gg3r.LogMessagePipeline L0gg3r.LogMessagePipeline::Submit(L0gg3r.LogMessage)
FNDA:8,L0gg3r.LogMessagePipeline L0gg3r.LogMessagePipeline::Submit(L0gg3r.LogMessage)
DA:141,8
DA:142,8
DA:144,8
DA:145,8
DA:146,8
DA:147,8
DA:149,8
DA:150,8
BRDA:144,25,0,8
BRDA:144,25,1,8
FN:161,System.IDisposable L0gg3r.LogMessagePipeline::AddFilter(System.Predicate`1<L0gg3r.LogMessage>)
FNDA:0,System.IDisposable L0gg3r.LogMessagePipeline::AddFilter(System.Predicate`1<L0gg3r.LogMessage>)
DA:162,0
DA:163,0
DA:165,0
DA:167,0
DA:169,0
DA:170,0
FN:178,System.Void L0gg3r.LogMessagePipeline::RemoveFilter(System.Predicate`1<L0gg3r.LogMessage>)
FNDA:0,System.Void L0gg3r.LogMessagePipeline::RemoveFilter(System.Predicate`1<L0gg3r.LogMessage>)
DA:179,0
DA:180,0
DA:182,0
DA:183,0
FN:190,System.IDisposable L0gg3r.LogMessagePipeline::Add(System.Predicate`1<L0gg3r.LogMessage>)
FNDA:0,System.IDisposable L0gg3r.LogMessagePipeline::Add(System.Predicate`1<L0gg3r.LogMessage>)
DA:191,0
FN:260,System.Boolean L0gg3r.LogMessagePipeline::IsValid(L0gg3r.LogMessage&)
FNDA:4,System.Boolean L0gg3r.LogMessagePipeline::IsValid(L0gg3r.LogMessage&)
DA:261,4
DA:262,8
DA:263,0
DA:264,0
DA:265,0
DA:266,0
DA:268,0
DA:270,4
DA:271,4
BRDA:262,62,1,0
BRDA:264,34,0,0
BRDA:264,34,1,0
BRDA:262,62,0,4
FN:61,System.Void L0gg3r.LogMessagePipeline::.ctor(System.Action`1<L0gg3r.LogMessage>)
FNDA:0,System.Void L0gg3r.LogMessagePipeline::.ctor(System.Action`1<L0gg3r.LogMessage>)
DA:62,0
DA:63,0
DA:64,0
DA:65,0
DA:66,0
DA:67,0
DA:68,0
DA:69,0
FN:43,System.Void L0gg3r.LogMessagePipeline::.ctor(System.Func`2<L0gg3r.LogMessage,System.Threading.Tasks.ValueTask>)
FNDA:4,System.Void L0gg3r.LogMessagePipeline::.ctor(System.Func`2<L0gg3r.LogMessage,System.Threading.Tasks.ValueTask>)
DA:44,4
DA:50,4
DA:76,4
DA:77,4
DA:78,4
DA:80,4
DA:81,4
FN:121,System.Void L0gg3r.LogMessagePipeline/<DisposeAsync>d__21::MoveNext()
FNDA:0,System.Void L0gg3r.LogMessagePipeline/<DisposeAsync>d__21::MoveNext()
DA:122,0
DA:123,0
DA:125,0
DA:127,0
DA:129,0
DA:131,0
DA:132,0
FN:220,System.Void L0gg3r.LogMessagePipeline/<RunAsync>d__28::MoveNext()
FNDA:4,System.Void L0gg3r.LogMessagePipeline/<RunAsync>d__28::MoveNext()
DA:221,4
DA:222,4
DA:225,4
DA:226,12
DA:227,12
DA:228,12
DA:230,8
DA:231,4
DA:232,4
DA:233,0
DA:234,0
DA:237,4
DA:238,0
DA:239,0
DA:240,0
DA:241,4
DA:245,8
DA:246,8
DA:247,8
DA:248,0
DA:249,0
DA:250,0
DA:251,0
DA:253,8
DA:255,0
DA:256,0
DA:257,0
DA:258,0
BRDA:230,257,0,4
BRDA:232,284,0,0
BRDA:232,284,1,4
BRDA:237,313,0,0
BRDA:237,313,1,4
BRDA:230,257,1,8
FN:195,System.Boolean L0gg3r.LogMessagePipeline/<System-Collections-Generic-IEnumerable<System-Predicate<L0gg3r-LogMessage>>-GetEnumerator>d__26::MoveNext()
FNDA:0,System.Boolean L0gg3r.LogMessagePipeline/<System-Collections-Generic-IEnumerable<System-Predicate<L0gg3r-LogMessage>>-GetEnumerator>d__26::MoveNext()
DA:196,0
DA:197,0
DA:199,0
DA:200,0
DA:201,0
DA:202,0
DA:203,0
BRDA:199,145,1,0
BRDA:199,145,0,0
FN:207,System.Boolean L0gg3r.LogMessagePipeline/<System-Collections-IEnumerable-GetEnumerator>d__27::MoveNext()
FNDA:0,System.Boolean L0gg3r.LogMessagePipeline/<System-Collections-IEnumerable-GetEnumerator>d__27::MoveNext()
DA:208,0
DA:209,0
DA:211,0
DA:212,0
DA:213,0
DA:214,0
DA:215,0
BRDA:211,145,1,0
BRDA:211,145,0,0
LF:97
LH:37
BRF:16
BRH:7
FNF:16
FNH:7
end_of_record
SF:/Users/wolf/Coden/L0gg3r/L0gg3r/src/LogMessageWriter/LogMessageWriterAttribute.cs
FN:46,System.Type L0gg3r.LogMessageWriterAttribute::get_LogSinkType()
FNDA:0,System.Type L0gg3r.LogMessageWriterAttribute::get_LogSinkType()
DA:47,0
FN:51,System.Type L0gg3r.LogMessageWriterAttribute::get_PayloadType()
FNDA:0,System.Type L0gg3r.LogMessageWriterAttribute::get_PayloadType()
DA:52,0
FN:29,System.Void L0gg3r.LogMessageWriterAttribute::.ctor(System.Type,System.Type)
FNDA:0,System.Void L0gg3r.LogMessageWriterAttribute::.ctor(System.Type,System.Type)
DA:30,0
DA:31,0
DA:32,0
DA:33,0
DA:35,0
DA:36,0
DA:37,0
DA:40,0
DA:41,0
DA:42,0
BRDA:35,53,0,0
BRDA:35,53,1,0
LF:12
LH:0
BRF:2
BRH:0
FNF:3
FNH:0
end_of_record
SF:/Users/wolf/Coden/L0gg3r/L0gg3r/src/LogMessageWriter/LogMessageWriterAttribute{TLogSink,TPayload}.cs
FN:28,System.Void L0gg3r.LogMessageWriterAttribute`2::.ctor()
FNDA:0,System.Void L0gg3r.LogMessageWriterAttribute`2::.ctor()
DA:29,0
DA:30,0
DA:31,0
LF:3
LH:0
BRF:0
BRH:0
FNF:1
FNH:0
end_of_record
SF:/Users/wolf/Coden/L0gg3r/L0gg3r/src/LogMessageWriter/LogMessageWriterInfo.cs
FN:44,System.Type L0gg3r.LogMessageWriterInfo::get_Type()
FNDA:0,System.Type L0gg3r.LogMessageWriterInfo::get_Type()
DA:45,0
FN:49,System.Type L0gg3r.LogMessageWriterInfo::get_PayloadType()
FNDA:0,System.Type L0gg3r.LogMessageWriterInfo::get_PayloadType()
DA:50,0
FN:52,System.String L0gg3r.LogMessageWriterInfo::GetDebuggerDisplay()
FNDA:0,System.String L0gg3r.LogMessageWriterInfo::GetDebuggerDisplay()
DA:53,0
DA:54,0
DA:55,0
FN:23,System.Void L0gg3r.LogMessageWriterInfo::.ctor(System.Type,L0gg3r.LogMessageWriterAttribute)
FNDA:0,System.Void L0gg3r.LogMessageWriterInfo::.ctor(System.Type,L0gg3r.LogMessageWriterAttribute)
DA:24,0
DA:25,0
DA:26,0
DA:27,0
DA:29,0
DA:30,0
DA:31,0
DA:34,0
DA:35,0
DA:36,0
BRDA:29,58,0,0
BRDA:29,58,1,0
LF:15
LH:0
BRF:2
BRH:0
FNF:4
FNH:0
end_of_record
SF:/Users/wolf/Coden/L0gg3r/L0gg3r/src/LogSinks/LogSinkBase.cs
FN:51,System.Boolean L0gg3r.LogSinkBase::get_IsDisposed()
FNDA:0,System.Boolean L0gg3r.LogSinkBase::get_IsDisposed()
DA:52,0
FN:56,L0gg3r.ServiceProvider L0gg3r.LogSinkBase::get_ServiceProvider()
FNDA:23,L0gg3r.ServiceProvider L0gg3r.LogSinkBase::get_ServiceProvider()
DA:57,23
FN:64,System.Boolean L0gg3r.LogSinkBase::get_IsDisabled()
FNDA:4,System.Boolean L0gg3r.LogSinkBase::get_IsDisabled()
DA:65,4
FN:105,System.Threading.Tasks.ValueTask L0gg3r.LogSinkBase::SubmitAsync(L0gg3r.LogMessage&)
FNDA:4,System.Threading.Tasks.ValueTask L0gg3r.LogSinkBase::SubmitAsync(L0gg3r.LogMessage&)
DA:106,4
DA:107,4
DA:108,0
DA:109,0
DA:112,4
DA:114,4
DA:115,4
BRDA:107,9,0,0
BRDA:107,9,1,4
FN:119,System.IDisposable L0gg3r.LogSinkBase::AddFilter(System.Predicate`1<L0gg3r.LogMessage>)
FNDA:0,System.IDisposable L0gg3r.LogSinkBase::AddFilter(System.Predicate`1<L0gg3r.LogMessage>)
DA:120,0
DA:121,0
DA:123,0
DA:124,0
FN:128,System.Void L0gg3r.LogSinkBase::RemoveFilter(System.Predicate`1<L0gg3r.LogMessage>)
FNDA:0,System.Void L0gg3r.LogSinkBase::RemoveFilter(System.Predicate`1<L0gg3r.LogMessage>)
DA:129,0
DA:130,0
DA:132,0
DA:133,0
FN:142,System.Void L0gg3r.LogSinkBase::Enable()
FNDA:0,System.Void L0gg3r.LogSinkBase::Enable()
DA:143,0
DA:144,0
DA:146,0
DA:147,0
DA:148,0
DA:151,0
DA:152,0
BRDA:146,25,0,0
BRDA:146,25,1,0
FN:160,System.Void L0gg3r.LogSinkBase::Disable()
FNDA:0,System.Void L0gg3r.LogSinkBase::Disable()
DA:161,0
FN:170,System.Threading.Tasks.Task L0gg3r.LogSinkBase::DisableAsync()
FNDA:0,System.Threading.Tasks.Task L0gg3r.LogSinkBase::DisableAsync()
DA:171,0
DA:172,0
DA:174,0
DA:175,0
DA:176,0
DA:179,0
DA:180,0
DA:182,0
DA:184,0
DA:185,0
DA:186,0
DA:187,0
DA:189,0
DA:191,0
BRDA:174,22,0,0
BRDA:174,22,1,0
FN:255,System.Threading.Tasks.ValueTask L0gg3r.LogSinkBase::DisposeAsyncCore()
FNDA:0,System.Threading.Tasks.ValueTask L0gg3r.LogSinkBase::DisposeAsyncCore()
DA:256,0
DA:257,0
DA:259,0
DA:260,0
FN:37,System.Void L0gg3r.LogSinkBase::.ctor()
FNDA:4,System.Void L0gg3r.LogSinkBase::.ctor()
DA:38,4
DA:39,4
DA:40,4
DA:42,4
DA:43,4
FN:72,System.Void L0gg3r.LogSinkBase/<DisposeAsync>d__13::MoveNext()
FNDA:0,System.Void L0gg3r.LogSinkBase/<DisposeAsync>d__13::MoveNext()
DA:73,0
DA:74,0
DA:76,0
DA:78,0
DA:80,0
DA:81,0
FN:84,System.Void L0gg3r.LogSinkBase/<FlushAsync>d__14::MoveNext()
FNDA:4,System.Void L0gg3r.LogSinkBase/<FlushAsync>d__14::MoveNext()
DA:85,4
DA:86,4
DA:88,4
DA:89,4
DA:90,4
DA:91,4
DA:93,4
DA:95,12
DA:96,0
DA:97,0
DA:98,0
DA:99,0
DA:100,0
DA:101,0
DA:102,4
BRDA:95,441,1,0
BRDA:97,292,0,0
BRDA:97,292,1,0
BRDA:95,441,0,4
FN:212,System.Void L0gg3r.LogSinkBase/<ProcessAsync>d__22::MoveNext()
FNDA:8,System.Void L0gg3r.LogSinkBase/<ProcessAsync>d__22::MoveNext()
DA:213,8
DA:214,8
DA:215,4
DA:216,4
DA:218,4
DA:220,4
DA:221,0
DA:222,0
DA:224,0
DA:227,4
DA:228,4
DA:230,4
DA:231,0
DA:232,0
DA:234,0
DA:235,0
DA:236,0
DA:238,0
DA:239,0
DA:240,0
DA:242,0
DA:243,0
DA:245,4
DA:246,4
DA:247,4
DA:248,4
DA:249,8
BRDA:214,47,0,4
BRDA:214,47,1,4
BRDA:214,67,0,4
BRDA:214,67,1,4
BRDA:220,110,0,0
BRDA:220,110,1,4
BRDA:220,130,0,0
BRDA:220,130,1,4
BRDA:228,169,0,1
BRDA:228,169,1,3
BRDA:230,191,0,3
BRDA:230,191,1,1
BRDA:230,222,0,0
BRDA:234,484,1,0
BRDA:238,460,0,0
BRDA:238,460,1,0
BRDA:234,484,0,0
BRDA:230,222,1,4
LF:97
LH:35
BRF:28
BRH:13
FNF:14
FNH:6
end_of_record
SF:/Users/wolf/Coden/L0gg3r/L0gg3r/src/ServiceProvider/LogMessageWriterRegistration.cs
FN:47,System.Type L0gg3r.LogMessageWriterRegistration::get_Type()
FNDA:0,System.Type L0gg3r.LogMessageWriterRegistration::get_Type()
DA:48,0
FN:52,L0gg3r.ILogMessageWriter L0gg3r.LogMessageWriterRegistration::get_Instance()
FNDA:0,L0gg3r.ILogMessageWriter L0gg3r.LogMessageWriterRegistration::get_Instance()
DA:53,0
FN:23,System.Void L0gg3r.LogMessageWriterRegistration::.ctor(System.Type)
FNDA:0,System.Void L0gg3r.LogMessageWriterRegistration::.ctor(System.Type)
DA:24,0
DA:25,0
DA:26,0
DA:27,0
DA:28,0
FN:34,System.Void L0gg3r.LogMessageWriterRegistration::.ctor(System.Type,L0gg3r.ILogMessageWriter)
FNDA:0,System.Void L0gg3r.LogMessageWriterRegistration::.ctor(System.Type,L0gg3r.ILogMessageWriter)
DA:35,0
DA:36,0
DA:37,0
DA:38,0
DA:39,0
LF:12
LH:0
BRF:0
BRH:0
FNF:4
FNH:0
end_of_record
SF:/Users/wolf/Coden/L0gg3r/L0gg3r/src/ServiceProvider/Registration.cs
FN:15,System.Func`1<System.Object> L0gg3r.Registration::get_Factory()
FNDA:21,System.Func`1<System.Object> L0gg3r.Registration::get_Factory()
DA:16,21
LF:1
LH:1
BRF:0
BRH:0
FNF:1
FNH:1
end_of_record
SF:/Users/wolf/Coden/L0gg3r/L0gg3r/src/ServiceProvider/ServiceProvider.cs
FN:32,System.Void L0gg3r.ServiceProvider::Dispose()
FNDA:0,System.Void L0gg3r.ServiceProvider::Dispose()
DA:33,0
DA:34,0
FN:41,System.Boolean L0gg3r.ServiceProvider::ProvidesLogMessageWriterForType(System.Type)
FNDA:3,System.Boolean L0gg3r.ServiceProvider::ProvidesLogMessageWriterForType(System.Type)
DA:42,3
DA:43,21
DA:44,3
BRDA:43,8,0,3
BRDA:43,8,1,18
FN:52,System.Void L0gg3r.ServiceProvider::RegisterLogMessageWriter()
FNDA:0,System.Void L0gg3r.ServiceProvider::RegisterLogMessageWriter()
DA:53,0
DA:54,0
DA:55,0
FN:62,System.Void L0gg3r.ServiceProvider::RegisterLogMessageWriter(System.Type)
FNDA:0,System.Void L0gg3r.ServiceProvider::RegisterLogMessageWriter(System.Type)
DA:63,0
DA:64,0
DA:66,0
DA:67,0
DA:68,0
DA:71,0
DA:73,0
DA:74,0
DA:75,0
DA:78,0
DA:79,0
BRDA:66,45,0,0
BRDA:66,45,1,0
BRDA:73,148,0,0
BRDA:73,148,1,0
BRDA:73,8,0,0
BRDA:73,8,1,0
FN:88,System.Void L0gg3r.ServiceProvider::RegisterLogMessageWriterInstance(L0gg3r.ILogMessageWriter)
FNDA:0,System.Void L0gg3r.ServiceProvider::RegisterLogMessageWriterInstance(L0gg3r.ILogMessageWriter)
DA:89,0
DA:90,0
DA:92,0
DA:94,0
DA:95,0
DA:96,0
DA:99,0
DA:101,0
DA:102,0
DA:103,0
DA:106,0
DA:107,0
BRDA:94,52,0,0
BRDA:94,52,1,0
BRDA:101,157,0,0
BRDA:101,157,1,0
BRDA:101,8,0,0
BRDA:101,8,1,0
FN:113,System.Collections.Generic.IEnumerable`1<L0gg3r.ILogMessageWriter> L0gg3r.ServiceProvider::ResolveLogMessageWriters()
FNDA:4,System.Collections.Generic.IEnumerable`1<L0gg3r.ILogMessageWriter> L0gg3r.ServiceProvider::ResolveLogMessageWriters()
DA:114,4
DA:115,4
DA:116,0
DA:117,0
DA:120,4
DA:121,4
DA:123,4
BRDA:115,26,0,0
BRDA:115,26,1,4
FN:133,System.Collections.Generic.IEnumerable`1<L0gg3r.ILogMessageWriter> L0gg3r.ServiceProvider::ResolveLogMessageWriters(System.Type)
FNDA:0,System.Collections.Generic.IEnumerable`1<L0gg3r.ILogMessageWriter> L0gg3r.ServiceProvider::ResolveLogMessageWriters(System.Type)
DA:134,0
DA:135,0
DA:137,0
DA:138,0
BRDA:137,13,0,0
BRDA:137,13,1,0
FN:144,System.Boolean L0gg3r.ServiceProvider::ProvidesService()
FNDA:0,System.Boolean L0gg3r.ServiceProvider::ProvidesService()
DA:145,0
FN:153,System.Boolean L0gg3r.ServiceProvider::ProvidesService(System.Object)
FNDA:0,System.Boolean L0gg3r.ServiceProvider::ProvidesService(System.Object)
DA:154,0
FN:162,System.Boolean L0gg3r.ServiceProvider::ProvidesService(System.Type)
FNDA:0,System.Boolean L0gg3r.ServiceProvider::ProvidesService(System.Type)
DA:163,0
DA:164,0
DA:166,0
DA:167,0
FN:180,System.Boolean L0gg3r.ServiceProvider::ProvidesService(System.Type,System.Object)
FNDA:0,System.Boolean L0gg3r.ServiceProvider::ProvidesService(System.Type,System.Object)
DA:181,0
DA:182,0
DA:183,0
DA:185,0
DA:186,0
DA:187,0
DA:188,0
DA:189,0
DA:192,0
DA:193,0
DA:197,0
DA:198,0
BRDA:185,59,0,0
BRDA:187,73,0,0
BRDA:187,73,1,0
BRDA:185,59,1,0
BRDA:193,6,0,0
BRDA:193,6,1,0
FN:205,System.Void L0gg3r.ServiceProvider::RegisterService()
FNDA:0,System.Void L0gg3r.ServiceProvider::RegisterService()
DA:206,0
DA:228,0
FN:214,System.Void L0gg3r.ServiceProvider::RegisterService(System.Object)
FNDA:0,System.Void L0gg3r.ServiceProvider::RegisterService(System.Object)
DA:215,0
DA:242,0
FN:248,System.Void L0gg3r.ServiceProvider::RegisterService(System.Type)
FNDA:0,System.Void L0gg3r.ServiceProvider::RegisterService(System.Type)
DA:249,0
FN:256,System.Void L0gg3r.ServiceProvider::RegisterService(System.Type,System.Object)
FNDA:0,System.Void L0gg3r.ServiceProvider::RegisterService(System.Type,System.Object)
DA:257,0
FN:268,System.Void L0gg3r.ServiceProvider::RegisterService(System.Type,System.Type)
FNDA:0,System.Void L0gg3r.ServiceProvider::RegisterService(System.Type,System.Type)
DA:269,0
DA:270,0
DA:271,0
DA:273,0
DA:274,0
DA:275,0
DA:278,0
DA:279,0
DA:280,0
DA:283,0
DA:285,0
DA:286,0
BRDA:273,33,0,0
BRDA:273,33,1,0
BRDA:278,59,0,0
BRDA:278,59,1,0
FN:298,System.Void L0gg3r.ServiceProvider::RegisterService(System.Type,System.Type,System.Object)
FNDA:0,System.Void L0gg3r.ServiceProvider::RegisterService(System.Type,System.Type,System.Object)
DA:299,0
DA:300,0
DA:301,0
DA:302,0
DA:304,0
DA:305,0
DA:306,0
DA:309,0
DA:310,0
DA:311,0
DA:314,0
DA:316,0
DA:317,0
BRDA:304,45,0,0
BRDA:304,45,1,0
BRDA:309,71,0,0
BRDA:309,71,1,0
FN:323,System.Void L0gg3r.ServiceProvider::RegisterSingletonService()
FNDA:0,System.Void L0gg3r.ServiceProvider::RegisterSingletonService()
DA:324,0
DA:356,0
FN:331,System.Void L0gg3r.ServiceProvider::RegisterSingletonService(System.Object)
FNDA:0,System.Void L0gg3r.ServiceProvider::RegisterSingletonService(System.Object)
DA:332,0
DA:369,0
FN:338,System.Void L0gg3r.ServiceProvider::RegisterSingletonService(System.Type)
FNDA:0,System.Void L0gg3r.ServiceProvider::RegisterSingletonService(System.Type)
DA:339,0
FN:346,System.Void L0gg3r.ServiceProvider::RegisterSingletonService(System.Type,System.Object)
FNDA:0,System.Void L0gg3r.ServiceProvider::RegisterSingletonService(System.Type,System.Object)
DA:347,0
FN:378,System.Void L0gg3r.ServiceProvider::RegisterSingletonService(System.Type,System.Type)
FNDA:0,System.Void L0gg3r.ServiceProvider::RegisterSingletonService(System.Type,System.Type)
DA:379,0
DA:380,0
DA:381,0
DA:383,0
DA:384,0
DA:385,0
DA:388,0
DA:389,0
DA:390,0
DA:393,0
DA:395,0
DA:396,0
BRDA:383,33,0,0
BRDA:383,33,1,0
BRDA:388,59,0,0
BRDA:388,59,1,0
FN:407,System.Void L0gg3r.ServiceProvider::RegisterSingletonService(System.Type,System.Type,System.Object)
FNDA:0,System.Void L0gg3r.ServiceProvider::RegisterSingletonService(System.Type,System.Type,System.Object)
DA:408,0
DA:409,0
DA:410,0
DA:411,0
DA:413,0
DA:414,0
DA:415,0
DA:418,0
DA:419,0
DA:420,0
DA:423,0
DA:425,0
DA:426,0
BRDA:413,45,0,0
BRDA:413,45,1,0
BRDA:418,71,0,0
BRDA:418,71,1,0
FN:432,System.Void L0gg3r.ServiceProvider::RegisterServiceInstance(System.Object)
FNDA:8,System.Void L0gg3r.ServiceProvider::RegisterServiceInstance(System.Object)
DA:433,8
DA:434,8
DA:436,8
DA:437,8
DA:460,4
FN:447,System.Void L0gg3r.ServiceProvider::RegisterServiceInstance(System.Object,System.Object)
FNDA:0,System.Void L0gg3r.ServiceProvider::RegisterServiceInstance(System.Object,System.Object)
DA:448,0
DA:449,0
DA:451,0
DA:452,0
DA:491,0
FN:469,System.Void L0gg3r.ServiceProvider::RegisterServiceInstance(System.Type,System.Object)
FNDA:12,System.Void L0gg3r.ServiceProvider::RegisterServiceInstance(System.Type,System.Object)
DA:470,12
DA:471,12
DA:472,12
DA:474,12
DA:475,0
DA:476,0
DA:479,12
DA:481,12
DA:482,12
BRDA:474,42,0,0
BRDA:474,42,1,12
FN:502,System.Void L0gg3r.ServiceProvider::RegisterServiceInstance(System.Type,System.Object,System.Object)
FNDA:0,System.Void L0gg3r.ServiceProvider::RegisterServiceInstance(System.Type,System.Object,System.Object)
DA:503,0
DA:504,0
DA:505,0
DA:506,0
DA:508,0
DA:509,0
DA:510,0
DA:513,0
DA:515,0
DA:516,0
BRDA:508,54,0,0
BRDA:508,54,1,0
FN:523,TService L0gg3r.ServiceProvider::ResolveService()
FNDA:0,TService L0gg3r.ServiceProvider::ResolveService()
DA:524,0
FN:532,TService L0gg3r.ServiceProvider::ResolveService(System.Object)
FNDA:0,TService L0gg3r.ServiceProvider::ResolveService(System.Object)
DA:533,0
FN:543,System.Object L0gg3r.ServiceProvider::ResolveService(System.Type)
FNDA:0,System.Object L0gg3r.ServiceProvider::ResolveService(System.Type)
DA:544,0
DA:545,0
DA:547,0
DA:549,0
DA:550,0
BRDA:549,68,0,0
BRDA:549,68,1,0
FN:561,System.Object L0gg3r.ServiceProvider::ResolveService(System.Type,System.Object)
FNDA:0,System.Object L0gg3r.ServiceProvider::ResolveService(System.Type,System.Object)
DA:562,0
DA:563,0
DA:564,0
DA:566,0
DA:568,0
DA:569,0
BRDA:568,115,0,0
BRDA:568,115,1,0
BRDA:566,6,0,0
BRDA:566,6,1,0
FN:574,System.Func`1<System.Object> L0gg3r.ServiceProvider::CreateInstanceFactory(System.Object)
FNDA:12,System.Func`1<System.Object> L0gg3r.ServiceProvider::CreateInstanceFactory(System.Object)
DA:575,12
DA:576,12
DA:577,12
FN:579,System.Func`1<System.Object> L0gg3r.ServiceProvider::CreateTransientFactory(System.Type)
FNDA:0,System.Func`1<System.Object> L0gg3r.ServiceProvider::CreateTransientFactory(System.Type)
DA:580,0
DA:581,0
DA:583,0
DA:585,0
DA:586,0
DA:587,0
DA:590,0
DA:591,0
DA:592,0
DA:593,0
DA:594,0
DA:595,0
DA:596,0
DA:598,0
BRDA:581,39,0,0
BRDA:581,39,1,0
BRDA:585,139,0,0
BRDA:585,139,1,0
BRDA:593,14,0,0
BRDA:593,14,1,0
FN:600,System.Func`1<System.Object> L0gg3r.ServiceProvider::CreateSingletonFactory(System.Type)
FNDA:0,System.Func`1<System.Object> L0gg3r.ServiceProvider::CreateSingletonFactory(System.Type)
DA:601,0
DA:602,0
DA:604,0
DA:605,0
FN:607,System.Void L0gg3r.ServiceProvider::AddRegistration(System.Type,L0gg3r.Registration)
FNDA:12,System.Void L0gg3r.ServiceProvider::AddRegistration(System.Type,L0gg3r.Registration)
DA:608,12
DA:609,12
DA:610,0
DA:611,0
DA:612,0
DA:614,12
DA:615,12
DA:616,12
DA:617,12
BRDA:609,17,0,0
BRDA:609,17,1,12
FN:24,System.Void L0gg3r.ServiceProvider::.ctor()
FNDA:4,System.Void L0gg3r.ServiceProvider::.ctor()
DA:25,4
LF:195
LH:30
BRF:58
BRH:5
FNF:36
FNH:7
end_of_record
SF:/Users/wolf/Coden/L0gg3r/L0gg3r/src/ServiceProvider/ServiceRegistration.cs
FN:50,System.Type L0gg3r.ServiceRegistration::get_ServiceType()
FNDA:0,System.Type L0gg3r.ServiceRegistration::get_ServiceType()
DA:51,0
FN:55,System.Type L0gg3r.ServiceRegistration::get_ImplemenetationType()
FNDA:0,System.Type L0gg3r.ServiceRegistration::get_ImplemenetationType()
DA:56,0
FN:60,System.Object L0gg3r.ServiceRegistration::get_Instance()
FNDA:0,System.Object L0gg3r.ServiceRegistration::get_Instance()
DA:61,0
FN:24,System.Void L0gg3r.ServiceRegistration::.ctor(System.Type,System.Type)
FNDA:0,System.Void L0gg3r.ServiceRegistration::.ctor(System.Type,System.Type)
DA:25,0
DA:26,0
DA:27,0
DA:28,0
DA:29,0
DA:30,0
FN:36,System.Void L0gg3r.ServiceRegistration::.ctor(System.Type,System.Object)
FNDA:0,System.Void L0gg3r.ServiceRegistration::.ctor(System.Type,System.Object)
DA:37,0
DA:38,0
DA:39,0
DA:40,0
DA:41,0
DA:42,0
LF:15
LH:0
BRF:0
BRH:0
FNF:5
FNH:0
end_of_record
SF:/Users/wolf/Coden/L0gg3r/L0gg3r.LogSinks.Console.SmartConsoleLogSink/src/Extensions/LogToExtensions.cs
FN:21,L0gg3r.LoggerBuilder L0gg3r.LogSinks.Console.SmartConsoleLogSink.LogToExtensions::SmartConsole(L0gg3r.LogTo)
FNDA:0,L0gg3r.LoggerBuilder L0gg3r.LogSinks.Console.SmartConsoleLogSink.LogToExtensions::SmartConsole(L0gg3r.LogTo)
DA:22,0
DA:23,0
DA:25,0
DA:26,0
FN:28,L0gg3r.LoggerBuilder L0gg3r.LogSinks.Console.SmartConsoleLogSink.LogToExtensions::SmartConsole(L0gg3r.LogTo,System.Action`1<L0gg3r.LogSinks.Console.SmartConsoleLogSink.SmartConsoleLogSink>)
FNDA:0,L0gg3r.LoggerBuilder L0gg3r.LogSinks.Console.SmartConsoleLogSink.LogToExtensions::SmartConsole(L0gg3r.LogTo,System.Action`1<L0gg3r.LogSinks.Console.SmartConsoleLogSink.SmartConsoleLogSink>)
DA:29,0
DA:30,0
DA:32,0
DA:34,0
DA:36,0
DA:37,0
LF:10
LH:0
BRF:0
BRH:0
FNF:2
FNH:0
end_of_record
SF:/Users/wolf/Coden/L0gg3r/L0gg3r.LogSinks.Console.SmartConsoleLogSink/src/SmartConsole.cs
FN:24,System.Boolean L0gg3r.LogSinks.Console.SmartConsoleLogSink.SmartConsole::get_IsInteractive()
FNDA:0,System.Boolean L0gg3r.LogSinks.Console.SmartConsoleLogSink.SmartConsole::get_IsInteractive()
DA:25,0
FN:32,TValue L0gg3r.LogSinks.Console.SmartConsoleLogSink.SmartConsole::Ask(System.String,System.Func`2<System.String,TValue>,TValue)
FNDA:0,TValue L0gg3r.LogSinks.Console.SmartConsoleLogSink.SmartConsole::Ask(System.String,System.Func`2<System.String,TValue>,TValue)
DA:33,0
DA:34,0
DA:35,0
DA:36,0
DA:38,0
DA:39,0
DA:40,0
DA:42,0
DA:44,0
DA:45,0
DA:46,0
DA:51,0
DA:52,0
DA:54,0
DA:55,0
DA:56,0
DA:58,0
DA:61,0
DA:62,0
DA:64,0
BRDA:34,9,0,0
BRDA:44,58,0,0
BRDA:44,58,1,0
BRDA:34,9,1,0
FN:67,System.Boolean L0gg3r.LogSinks.Console.SmartConsoleLogSink.SmartConsole::Confirm(System.String,System.Boolean)
FNDA:0,System.Boolean L0gg3r.LogSinks.Console.SmartConsoleLogSink.SmartConsole::Confirm(System.String,System.Boolean)
DA:68,0
DA:69,0
DA:70,0
DA:71,0
DA:72,0
DA:73,0
DA:75,0
DA:77,0
DA:78,0
DA:79,0
DA:81,0
DA:82,0
DA:83,0
DA:85,0
DA:86,0
DA:87,0
DA:89,0
DA:92,0
DA:93,0
DA:95,0
BRDA:69,9,0,0
BRDA:77,46,0,0
BRDA:77,46,1,0
BRDA:81,63,0,0
BRDA:81,63,1,0
BRDA:81,82,0,0
BRDA:81,82,1,0
BRDA:85,102,0,0
BRDA:85,102,1,0
BRDA:85,123,0,0
BRDA:85,123,1,0
BRDA:69,9,1,0
FN:97,System.Void L0gg3r.LogSinks.Console.SmartConsoleLogSink.SmartConsole::Write(System.String)
FNDA:0,System.Void L0gg3r.LogSinks.Console.SmartConsoleLogSink.SmartConsole::Write(System.String)
DA:98,0
FN:100,System.Void L0gg3r.LogSinks.Console.SmartConsoleLogSink.SmartConsole::WriteLine(System.String)
FNDA:0,System.Void L0gg3r.LogSinks.Console.SmartConsoleLogSink.SmartConsole::WriteLine(System.String)
DA:101,0
FN:103,System.Void L0gg3r.LogSinks.Console.SmartConsoleLogSink.SmartConsole::WriteLine()
FNDA:0,System.Void L0gg3r.LogSinks.Console.SmartConsoleLogSink.SmartConsole::WriteLine()
DA:104,0
FN:116,System.Void L0gg3r.LogSinks.Console.SmartConsoleLogSink.SmartConsole::WriteSmart(System.String,System.Object[])
FNDA:0,System.Void L0gg3r.LogSinks.Console.SmartConsoleLogSink.SmartConsole::WriteSmart(System.String,System.Object[])
DA:117,0
FN:130,System.Void L0gg3r.LogSinks.Console.SmartConsoleLogSink.SmartConsole::WriteLineSmart(System.String,System.Object[])
FNDA:4,System.Void L0gg3r.LogSinks.Console.SmartConsoleLogSink.SmartConsole::WriteLineSmart(System.String,System.Object[])
DA:131,4
LF:46
LH:1
BRF:16
BRH:0
FNF:8
FNH:1
end_of_record
SF:/Users/wolf/Coden/L0gg3r/L0gg3r.LogSinks.Console.SmartConsoleLogSink/src/SmartConsoleLogSink.cs
FN:36,System.String L0gg3r.LogSinks.Console.SmartConsoleLogSink.SmartConsoleLogSink::get_Format()
FNDA:10,System.String L0gg3r.LogSinks.Console.SmartConsoleLogSink.SmartConsoleLogSink::get_Format()
DA:37,10
FN:45,System.Threading.Tasks.ValueTask L0gg3r.LogSinks.Console.SmartConsoleLogSink.SmartConsoleLogSink::WriteAsync(L0gg3r.LogMessage& modreq(System.Runtime.InteropServices.InAttribute),L0gg3r.LogSinks.Console.SmartConsoleLogSink.SmartConsole)
FNDA:4,System.Threading.Tasks.ValueTask L0gg3r.LogSinks.Console.SmartConsoleLogSink.SmartConsoleLogSink::WriteAsync(L0gg3r.LogMessage& modreq(System.Runtime.InteropServices.InAttribute),L0gg3r.LogSinks.Console.SmartConsoleLogSink.SmartConsole)
DA:46,4
DA:47,4
DA:50,4
DA:51,4
DA:52,3
DA:53,1
DA:54,1
DA:55,1
DA:56,1
DA:58,4
DA:59,4
FN:28,System.Void L0gg3r.LogSinks.Console.SmartConsoleLogSink.SmartConsoleLogSink::.ctor()
FNDA:4,System.Void L0gg3r.LogSinks.Console.SmartConsoleLogSink.SmartConsoleLogSink::.ctor()
DA:29,4
DA:30,4
DA:31,4
DA:32,4
LF:16
LH:16
BRF:0
BRH:0
FNF:3
FNH:3
end_of_record
SF:/Users/wolf/Coden/L0gg3r/L0gg3r.LogSinks.Console.SmartConsoleLogSink/src/SmartConsoleLogSinkBuilder.cs
FN:31,L0gg3r.LogSinks.Console.SmartConsoleLogSink.SmartConsoleLogSinkBuilder L0gg3r.LogSinks.Console.SmartConsoleLogSink.SmartConsoleLogSinkBuilder::WithFormat(System.String)
FNDA:0,L0gg3r.LogSinks.Console.SmartConsoleLogSink.SmartConsoleLogSinkBuilder L0gg3r.LogSinks.Console.SmartConsoleLogSink.SmartConsoleLogSinkBuilder::WithFormat(System.String)
DA:32,0
DA:33,0
DA:34,0
LF:3
LH:0
BRF:0
BRH:0
FNF:1
FNH:0
end_of_record
SF:/Users/wolf/Coden/L0gg3r/L0gg3r.LogSinks.Console.Base/src/ConsoleLogSinkBase.cs
FN:42,TConsole L0gg3r.LogSinks.Console.Base.ConsoleLogSinkBase`1::get_Console()
FNDA:8,TConsole L0gg3r.LogSinks.Console.Base.ConsoleLogSinkBase`1::get_Console()
DA:43,8
FN:195,System.Threading.Tasks.ValueTask L0gg3r.LogSinks.Console.Base.ConsoleLogSinkBase`1::WriteAsync(L0gg3r.LogMessage& modreq(System.Runtime.InteropServices.InAttribute))
FNDA:4,System.Threading.Tasks.ValueTask L0gg3r.LogSinks.Console.Base.ConsoleLogSinkBase`1::WriteAsync(L0gg3r.LogMessage& modreq(System.Runtime.InteropServices.InAttribute))
DA:196,4
DA:197,4
DA:198,4
FN:26,System.Void L0gg3r.LogSinks.Console.Base.ConsoleLogSinkBase`1::.ctor(TConsole)
FNDA:4,System.Void L0gg3r.LogSinks.Console.Base.ConsoleLogSinkBase`1::.ctor(TConsole)
DA:27,4
DA:28,4
DA:29,4
DA:31,4
DA:33,4
DA:34,4
FN:65,System.Void L0gg3r.LogSinks.Console.Base.ConsoleLogSinkBase`1/<AskAsync>d__4`1::MoveNext()
FNDA:0,System.Void L0gg3r.LogSinks.Console.Base.ConsoleLogSinkBase`1/<AskAsync>d__4`1::MoveNext()
DA:66,0
DA:67,0
DA:69,0
DA:71,0
DA:73,0
DA:74,0
FN:93,System.Void L0gg3r.LogSinks.Console.Base.ConsoleLogSinkBase`1/<AskAsync>d__5`1::MoveNext()
FNDA:0,System.Void L0gg3r.LogSinks.Console.Base.ConsoleLogSinkBase`1/<AskAsync>d__5`1::MoveNext()
DA:94,0
DA:95,0
DA:97,0
DA:99,0
DA:101,0
DA:102,0
FN:125,System.Void L0gg3r.LogSinks.Console.Base.ConsoleLogSinkBase`1/<AskAsync>d__6`1::MoveNext()
FNDA:0,System.Void L0gg3r.LogSinks.Console.Base.ConsoleLogSinkBase`1/<AskAsync>d__6`1::MoveNext()
DA:126,0
DA:127,0
DA:129,0
DA:131,0
DA:133,0
DA:134,0
FN:151,System.Void L0gg3r.LogSinks.Console.Base.ConsoleLogSinkBase`1/<ConfirmAsync>d__7::MoveNext()
FNDA:0,System.Void L0gg3r.LogSinks.Console.Base.ConsoleLogSinkBase`1/<ConfirmAsync>d__7::MoveNext()
DA:152,0
DA:153,0
DA:155,0
DA:157,0
DA:159,0
DA:160,0
FN:178,System.Void L0gg3r.LogSinks.Console.Base.ConsoleLogSinkBase`1/<ConfirmAsync>d__8::MoveNext()
FNDA:0,System.Void L0gg3r.LogSinks.Console.Base.ConsoleLogSinkBase`1/<ConfirmAsync>d__8::MoveNext()
DA:179,0
DA:180,0
DA:182,0
DA:184,0
DA:186,0
DA:187,0
LF:40
LH:10
BRF:0
BRH:0
FNF:8
FNH:3
end_of_record
SF:/Users/wolf/Coden/L0gg3r/L0gg3r.LogSinks.Console.Base/src/IConsole.cs
FN:23,System.Boolean L0gg3r.LogSinks.Console.Base.IConsole::get_IsInteractive()
FNDA:0,System.Boolean L0gg3r.LogSinks.Console.Base.IConsole::get_IsInteractive()
DA:24,0
FN:67,System.Boolean L0gg3r.LogSinks.Console.Base.IConsole::Confirm(System.String)
FNDA:0,System.Boolean L0gg3r.LogSinks.Console.Base.IConsole::Confirm(System.String)
DA:68,0
FN:99,TValue L0gg3r.LogSinks.Console.Base.IConsole::Ask(System.String)
FNDA:0,TValue L0gg3r.LogSinks.Console.Base.IConsole::Ask(System.String)
DA:100,0
DA:103,0
DA:104,0
BRDA:103,10,0,0
BRDA:103,10,1,0
FN:123,TValue L0gg3r.LogSinks.Console.Base.IConsole::Ask(System.String,TValue)
FNDA:0,TValue L0gg3r.LogSinks.Console.Base.IConsole::Ask(System.String,TValue)
DA:124,0
DA:127,0
DA:128,0
BRDA:127,10,0,0
BRDA:127,10,1,0
FN:100,TValue L0gg3r.LogSinks.Console.Base.IConsole::<Ask>g__Converter|7_0(System.String)
FNDA:0,TValue L0gg3r.LogSinks.Console.Base.IConsole::<Ask>g__Converter|7_0(System.String)
DA:101,0
FN:124,TValue L0gg3r.LogSinks.Console.Base.IConsole::<Ask>g__Converter|8_0(System.String)
FNDA:0,TValue L0gg3r.LogSinks.Console.Base.IConsole::<Ask>g__Converter|8_0(System.String)
DA:125,0
LF:10
LH:0
BRF:4
BRH:0
FNF:6
FNH:0
end_of_record