SF:/Users/wolf/Coden/L0gg3r/L0gg3r.LogSinks.Console.SmartConsoleLogSink/tests/SmartConsoleLogSinkTests/src/VerifyInit.cs
FN:7,System.Void VerifyInit::Init()
FNDA:0,System.Void VerifyInit::Init()
DA:8,0
DA:9,0
DA:10,0
LF:3
LH:0
BRF:0
BRH:0
FNF:1
FNH:0
end_of_record
SF:/Users/wolf/.nuget/packages/microsoft.net.test.sdk/17.8.0/build/netcoreapp3.1/Microsoft.NET.Test.Sdk.Program.cs
FN:3,System.Void AutoGeneratedProgram::Main(System.String[])
FNDA:0,System.Void AutoGeneratedProgram::Main(System.String[])
DA:4,0
LF:1
LH:0
BRF:0
BRH:0
FNF:1
FNH:0
end_of_record
SF:/Users/wolf/Coden/L0gg3r/L0gg3r.LogSinks.Console.SmartConsoleLogSink/tests/SmartConsoleLogSinkTests/src/PropertyTests/FormatProperty.Tests.cs
FN:9,System.Void SmartConsoleLogSinkTests.PropertyTests.FormatPropertyTests.TheFormatProperty/<ShouldFormatMessage>d__0::MoveNext()
FNDA:0,System.Void SmartConsoleLogSinkTests.PropertyTests.FormatPropertyTests.TheFormatProperty/<ShouldFormatMessage>d__0::MoveNext()
DA:10,0
DA:12,0
DA:13,0
DA:14,0
DA:17,0
DA:19,0
DA:20,0
DA:21,0
DA:22,0
DA:25,0
DA:26,0
LF:11
LH:0
BRF:0
BRH:0
FNF:1
FNH:0
end_of_record
SF:/Users/wolf/Coden/L0gg3r/L0gg3r.LogSinks.Console.SmartConsoleLogSink/tests/SmartConsoleLogSinkTests/src/ConsoleOutput.Tests.cs
FN:29,System.Void SmartConsoleLogSinkTests.ConsoleOutput.Tests.TheSmartConsoleLogSink/<ShouldWriteALogMessageWithANullPayloadToConsole>d__1::MoveNext()
FNDA:0,System.Void SmartConsoleLogSinkTests.ConsoleOutput.Tests.TheSmartConsoleLogSink/<ShouldWriteALogMessageWithANullPayloadToConsole>d__1::MoveNext()
DA:30,0
DA:32,0
DA:33,0
DA:36,0
DA:37,0
DA:38,0
DA:39,0
DA:40,0
DA:42,0
DA:45,0
DA:46,0
FN:9,System.Void SmartConsoleLogSinkTests.ConsoleOutput.Tests.TheSmartConsoleLogSink/<ShouldWriteLogMessageToConsole>d__0::MoveNext()
FNDA:0,System.Void SmartConsoleLogSinkTests.ConsoleOutput.Tests.TheSmartConsoleLogSink/<ShouldWriteLogMessageToConsole>d__0::MoveNext()
DA:10,0
DA:12,0
DA:13,0
DA:16,0
DA:17,0
DA:18,0
DA:19,0
DA:20,0
DA:22,0
DA:25,0
DA:26,0
LF:22
LH:0
BRF:0
BRH:0
FNF:2
FNH:0
end_of_record
SF:/Users/wolf/Coden/L0gg3r/L0gg3r/src/Builder/BuilderBase{TTarget,TBuilder}.cs
FN:38,TBuilder L0gg3r.BuilderBase`2::WithModification(System.Action`1<TTarget>)
FNDA:0,TBuilder L0gg3r.BuilderBase`2::WithModification(System.Action`1<TTarget>)
DA:39,0
DA:40,0
DA:42,0
DA:43,0
FN:49,TTarget L0gg3r.BuilderBase`2::Build()
FNDA:0,TTarget L0gg3r.BuilderBase`2::Build()
DA:50,0
DA:51,0
DA:53,0
DA:54,0
DA:55,0
DA:56,0
DA:58,0
DA:59,0
BRDA:53,47,1,0
BRDA:53,47,0,0
FN:23,System.Void L0gg3r.BuilderBase`2::.ctor()
FNDA:0,System.Void L0gg3r.BuilderBase`2::.ctor()
DA:24,0
LF:13
LH:0
BRF:2
BRH:0
FNF:3
FNH:0
end_of_record
SF:/Users/wolf/Coden/L0gg3r/L0gg3r/src/Builder/LoggerBuilder.cs
FN:50,L0gg3r.LogTo L0gg3r.LoggerBuilder::get_LogTo()
FNDA:0,L0gg3r.LogTo L0gg3r.LoggerBuilder::get_LogTo()
DA:51,0
FN:59,System.Collections.Generic.ICollection`1<L0gg3r.ILogSink> L0gg3r.LoggerBuilder::get_LogSinks()
FNDA:0,System.Collections.Generic.ICollection`1<L0gg3r.ILogSink> L0gg3r.LoggerBuilder::get_LogSinks()
DA:60,0
FN:64,System.Collections.Generic.ICollection`1<L0gg3r.ILogSink> L0gg3r.LoggerBuilder::get_AsyncLogSinks()
FNDA:0,System.Collections.Generic.ICollection`1<L0gg3r.ILogSink> L0gg3r.LoggerBuilder::get_AsyncLogSinks()
DA:65,0
FN:76,L0gg3r.LoggerBuilder L0gg3r.LoggerBuilder::WithName(System.String)
FNDA:0,L0gg3r.LoggerBuilder L0gg3r.LoggerBuilder::WithName(System.String)
DA:77,0
DA:78,0
DA:80,0
DA:81,0
FN:88,L0gg3r.LoggerBuilder L0gg3r.LoggerBuilder::WithMinimumLogLevel(L0gg3r.LogLevel)
FNDA:0,L0gg3r.LoggerBuilder L0gg3r.LoggerBuilder::WithMinimumLogLevel(L0gg3r.LogLevel)
DA:89,0
DA:90,0
DA:91,0
FN:98,L0gg3r.LoggerBuilder L0gg3r.LoggerBuilder::WithFilter(System.Predicate`1<L0gg3r.LogMessage>)
FNDA:0,L0gg3r.LoggerBuilder L0gg3r.LoggerBuilder::WithFilter(System.Predicate`1<L0gg3r.LogMessage>)
DA:99,0
DA:100,0
DA:102,0
DA:103,0
FN:110,L0gg3r.LoggerBuilder L0gg3r.LoggerBuilder::WithChildLogger(System.String)
FNDA:0,L0gg3r.LoggerBuilder L0gg3r.LoggerBuilder::WithChildLogger(System.String)
DA:111,0
DA:112,0
DA:114,0
DA:115,0
DA:116,0
DA:117,0
DA:118,0
DA:119,0
DA:120,0
FN:128,L0gg3r.LoggerBuilder L0gg3r.LoggerBuilder::WithChildLogger(System.String,System.Action`1<L0gg3r.LoggerBuilder>)
FNDA:0,L0gg3r.LoggerBuilder L0gg3r.LoggerBuilder::WithChildLogger(System.String,System.Action`1<L0gg3r.LoggerBuilder>)
DA:129,0
DA:130,0
DA:132,0
DA:134,0
DA:136,0
DA:137,0
DA:138,0
DA:139,0
DA:140,0
DA:141,0
DA:142,0
FN:27,System.Void L0gg3r.LoggerBuilder::.ctor()
FNDA:0,System.Void L0gg3r.LoggerBuilder::.ctor()
DA:28,0
DA:29,0
DA:30,0
DA:32,0
DA:33,0
BRDA:30,53,0,0
BRDA:30,53,1,0
FN:38,System.Void L0gg3r.LoggerBuilder::.ctor(System.String)
FNDA:0,System.Void L0gg3r.LoggerBuilder::.ctor(System.String)
DA:39,0
DA:40,0
DA:41,0
DA:42,0
LF:43
LH:0
BRF:2
BRH:0
FNF:10
FNH:0
end_of_record
SF:/Users/wolf/Coden/L0gg3r/L0gg3r/src/Builder/LogTo.cs
FN:33,L0gg3r.LoggerBuilder L0gg3r.LogTo::LogSink(TLogSink)
FNDA:0,L0gg3r.LoggerBuilder L0gg3r.LogTo::LogSink(TLogSink)
DA:34,0
DA:35,0
DA:36,0
FN:47,L0gg3r.LoggerBuilder L0gg3r.LogTo::LogSink(L0gg3r.LogSinkBuilder`2<TLogSink,TBuilder>)
FNDA:0,L0gg3r.LoggerBuilder L0gg3r.LogTo::LogSink(L0gg3r.LogSinkBuilder`2<TLogSink,TBuilder>)
DA:48,0
DA:49,0
DA:50,0
FN:14,System.Void L0gg3r.LogTo::.ctor(L0gg3r.LoggerBuilder)
FNDA:0,System.Void L0gg3r.LogTo::.ctor(L0gg3r.LoggerBuilder)
DA:15,0
DA:20,0
LF:8
LH:0
BRF:0
BRH:0
FNF:3
FNH:0
end_of_record
SF:/Users/wolf/Coden/L0gg3r/L0gg3r/src/Disposable.cs
FN:33,System.Boolean L0gg3r.Disposable::get_IsDisposed()
FNDA:0,System.Boolean L0gg3r.Disposable::get_IsDisposed()
DA:34,0
FN:42,System.Void L0gg3r.Disposable::Dispose()
FNDA:0,System.Void L0gg3r.Disposable::Dispose()
DA:43,0
DA:44,0
DA:46,0
DA:48,0
DA:49,0
FN:53,System.String L0gg3r.Disposable::GetDebuggerDisplay()
FNDA:0,System.String L0gg3r.Disposable::GetDebuggerDisplay()
DA:54,0
FN:19,System.Void L0gg3r.Disposable::.ctor(System.Action)
FNDA:0,System.Void L0gg3r.Disposable::.ctor(System.Action)
DA:20,0
DA:25,0
LF:9
LH:0
BRF:0
BRH:0
FNF:4
FNH:0
end_of_record
SF:/Users/wolf/Coden/L0gg3r/L0gg3r/src/Extensions/AppDomainExtensions.cs
FN:24,System.Boolean L0gg3r.AppDomainExtensions/<GetLogMessageWriterInfos>d__0::MoveNext()
FNDA:0,System.Boolean L0gg3r.AppDomainExtensions/<GetLogMessageWriterInfos>d__0::MoveNext()
DA:25,0
DA:26,0
DA:27,0
DA:28,0
DA:29,0
DA:30,0
DA:31,0
DA:32,0
DA:33,0
BRDA:26,243,1,0
BRDA:28,191,1,0
BRDA:28,191,0,0
BRDA:26,243,0,0
LF:9
LH:0
BRF:4
BRH:0
FNF:1
FNH:0
end_of_record
SF:/Users/wolf/Coden/L0gg3r/L0gg3r/src/Extensions/AssemblyExtensions.cs
FN:29,System.Boolean L0gg3r.AssemblyExtensions/<GetLogMessageWriterInfos>d__0::MoveNext()
FNDA:0,System.Boolean L0gg3r.AssemblyExtensions/<GetLogMessageWriterInfos>d__0::MoveNext()
DA:30,0
DA:31,0
DA:32,0
DA:33,0
DA:34,0
DA:35,0
DA:36,0
DA:37,0
DA:39,0
DA:40,0
DA:41,0
DA:42,0
DA:43,0
DA:44,0
DA:45,0
BRDA:31,260,1,0
BRDA:33,96,0,0
BRDA:33,109,0,0
BRDA:33,96,1,0
BRDA:33,109,1,0
BRDA:33,142,0,0
BRDA:39,173,0,0
BRDA:39,173,1,0
BRDA:33,142,1,0
BRDA:31,260,0,0
LF:15
LH:0
BRF:10
BRH:0
FNF:1
FNH:0
end_of_record
SF:/Users/wolf/Coden/L0gg3r/L0gg3r/src/Extensions/LoggerExtensions.cs
FN:27,L0gg3r.Logger L0gg3r.LoggerExtensions::Info(L0gg3r.Logger,System.String)
FNDA:0,L0gg3r.Logger L0gg3r.LoggerExtensions::Info(L0gg3r.Logger,System.String)
DA:28,0
DA:29,0
DA:31,0
DA:33,0
DA:34,0
FN:43,L0gg3r.Logger L0gg3r.LoggerExtensions::Warning(L0gg3r.Logger,System.String)
FNDA:0,L0gg3r.Logger L0gg3r.LoggerExtensions::Warning(L0gg3r.Logger,System.String)
DA:44,0
DA:45,0
DA:47,0
DA:49,0
DA:50,0
FN:59,L0gg3r.Logger L0gg3r.LoggerExtensions::Error(L0gg3r.Logger,System.String)
FNDA:0,L0gg3r.Logger L0gg3r.LoggerExtensions::Error(L0gg3r.Logger,System.String)
DA:60,0
DA:61,0
DA:63,0
DA:65,0
DA:66,0
LF:15
LH:0
BRF:0
BRH:0
FNF:3
FNH:0
end_of_record
SF:/Users/wolf/Coden/L0gg3r/L0gg3r/src/Extensions/TypeExtensions.cs
FN:27,L0gg3r.LogMessageWriterInfo L0gg3r.TypeExtensions::GetLogMessageWriterInfo(System.Type)
FNDA:0,L0gg3r.LogMessageWriterInfo L0gg3r.TypeExtensions::GetLogMessageWriterInfo(System.Type)
DA:28,0
DA:29,0
DA:31,0
DA:32,0
BRDA:29,8,0,0
BRDA:29,8,1,0
LF:4
LH:0
BRF:2
BRH:0
FNF:1
FNH:0
end_of_record
SF:/Users/wolf/Coden/L0gg3r/L0gg3r/src/Logger.cs
FN:74,System.Boolean L0gg3r.Logger::get_IsDisposed()
FNDA:0,System.Boolean L0gg3r.Logger::get_IsDisposed()
DA:75,0
FN:79,System.String L0gg3r.Logger::get_Name()
FNDA:0,System.String L0gg3r.Logger::get_Name()
DA:80,0
FN:87,L0gg3r.Logger L0gg3r.Logger::get_ParentLogger()
FNDA:0,L0gg3r.Logger L0gg3r.Logger::get_ParentLogger()
DA:88,0
FN:92,System.Collections.Generic.IEnumerable`1<L0gg3r.ILogSink> L0gg3r.Logger::get_LogSinks()
FNDA:0,System.Collections.Generic.IEnumerable`1<L0gg3r.ILogSink> L0gg3r.Logger::get_LogSinks()
DA:93,0
FN:97,System.Collections.Generic.IEnumerable`1<System.Predicate`1<L0gg3r.LogMessage>> L0gg3r.Logger::get_Filters()
FNDA:0,System.Collections.Generic.IEnumerable`1<System.Predicate`1<L0gg3r.LogMessage>> L0gg3r.Logger::get_Filters()
DA:98,0
FN:102,System.Collections.Generic.IReadOnlyDictionary`2<System.String,L0gg3r.Logger> L0gg3r.Logger::get_ChildLoggers()
FNDA:0,System.Collections.Generic.IReadOnlyDictionary`2<System.String,L0gg3r.Logger> L0gg3r.Logger::get_ChildLoggers()
DA:103,0
FN:110,L0gg3r.LogLevel L0gg3r.Logger::get_MinimumLogLevel()
FNDA:0,L0gg3r.LogLevel L0gg3r.Logger::get_MinimumLogLevel()
DA:111,0
FN:121,L0gg3r.LoggerBuilder L0gg3r.Logger::CreateLogger()
FNDA:0,L0gg3r.LoggerBuilder L0gg3r.Logger::CreateLogger()
DA:122,0
DA:123,0
DA:125,0
DA:126,0
BRDA:123,17,0,0
BRDA:123,17,1,0
FN:159,L0gg3r.Logger L0gg3r.Logger::Log(L0gg3r.LogLevel,System.Object)
FNDA:0,L0gg3r.Logger L0gg3r.Logger::Log(L0gg3r.LogLevel,System.Object)
DA:160,0
DA:161,0
DA:163,0
DA:164,0
DA:165,0
DA:166,0
DA:167,0
DA:169,0
DA:171,0
DA:172,0
FN:177,System.Void L0gg3r.Logger::Flush()
FNDA:0,System.Void L0gg3r.Logger::Flush()
DA:178,0
FN:212,L0gg3r.Logger L0gg3r.Logger::GetChildLogger(System.String)
FNDA:0,L0gg3r.Logger L0gg3r.Logger::GetChildLogger(System.String)
DA:213,0
DA:214,0
DA:216,0
DA:217,0
DA:218,0
DA:221,0
DA:222,0
DA:224,0
DA:226,0
DA:228,0
BRDA:216,30,0,0
BRDA:216,30,1,0
FN:236,System.IDisposable L0gg3r.Logger::AddLogSink(L0gg3r.ILogSink)
FNDA:0,System.IDisposable L0gg3r.Logger::AddLogSink(L0gg3r.ILogSink)
DA:237,0
DA:238,0
DA:240,0
DA:242,0
DA:244,0
DA:245,0
FN:252,System.Void L0gg3r.Logger::RemoveLogSink(L0gg3r.ILogSink)
FNDA:0,System.Void L0gg3r.Logger::RemoveLogSink(L0gg3r.ILogSink)
DA:253,0
DA:254,0
DA:256,0
DA:258,0
DA:259,0
DA:260,0
DA:261,0
DA:263,0
DA:264,0
DA:266,0
BRDA:258,40,0,0
BRDA:258,40,1,0
FN:274,System.IDisposable L0gg3r.Logger::AddFilter(System.Predicate`1<L0gg3r.LogMessage>)
FNDA:0,System.IDisposable L0gg3r.Logger::AddFilter(System.Predicate`1<L0gg3r.LogMessage>)
DA:275,0
DA:276,0
DA:278,0
DA:280,0
DA:281,0
FN:288,System.Void L0gg3r.Logger::RemoveFilter(System.Predicate`1<L0gg3r.LogMessage>)
FNDA:0,System.Void L0gg3r.Logger::RemoveFilter(System.Predicate`1<L0gg3r.LogMessage>)
DA:289,0
DA:290,0
DA:292,0
DA:294,0
DA:295,0
FN:304,System.Void L0gg3r.Logger::Log(L0gg3r.LogMessage)
FNDA:0,System.Void L0gg3r.Logger::Log(L0gg3r.LogMessage)
DA:305,0
FN:311,System.Void L0gg3r.Logger::AddChildLogger(L0gg3r.Logger)
FNDA:0,System.Void L0gg3r.Logger::AddChildLogger(L0gg3r.Logger)
DA:312,0
DA:313,0
DA:315,0
DA:316,0
FN:346,L0gg3r.LogMessage L0gg3r.Logger::TransformLogMessage(L0gg3r.LogMessage)
FNDA:0,L0gg3r.LogMessage L0gg3r.Logger::TransformLogMessage(L0gg3r.LogMessage)
DA:347,0
DA:348,0
DA:350,0
DA:352,0
DA:354,0
DA:356,0
DA:357,0
DA:358,0
DA:359,0
DA:360,0
FN:361,System.Boolean L0gg3r.Logger::MiniumLogLevelFilter(L0gg3r.LogMessage)
FNDA:0,System.Boolean L0gg3r.Logger::MiniumLogLevelFilter(L0gg3r.LogMessage)
DA:362,0
FN:25,System.Void L0gg3r.Logger::.ctor()
FNDA:0,System.Void L0gg3r.Logger::.ctor()
DA:26,0
DA:28,0
DA:37,0
DA:38,0
DA:39,0
DA:41,0
DA:42,0
DA:43,0
DA:44,0
DA:47,0
DA:49,0
BRDA:39,63,0,0
BRDA:39,63,1,0
FN:60,System.Void L0gg3r.Logger::.ctor(System.String,L0gg3r.Logger)
FNDA:0,System.Void L0gg3r.Logger::.ctor(System.String,L0gg3r.Logger)
DA:61,0
DA:62,0
DA:63,0
DA:65,0
DA:66,0
FN:130,System.Void L0gg3r.Logger/<DisposeAsync>d__28::MoveNext()
FNDA:0,System.Void L0gg3r.Logger/<DisposeAsync>d__28::MoveNext()
DA:131,0
DA:132,0
DA:134,0
DA:136,0
DA:137,0
DA:138,0
DA:139,0
DA:140,0
DA:141,0
DA:142,0
DA:144,0
DA:146,0
DA:147,0
DA:148,0
DA:149,0
DA:150,0
BRDA:136,289,1,0
BRDA:138,151,0,0
BRDA:138,151,1,0
BRDA:136,289,0,0
BRDA:146,631,1,0
BRDA:146,631,0,0
FN:185,System.Void L0gg3r.Logger/<FlushAsync>d__31::MoveNext()
FNDA:0,System.Void L0gg3r.Logger/<FlushAsync>d__31::MoveNext()
DA:186,0
DA:187,0
DA:190,0
DA:191,0
DA:192,0
DA:193,0
DA:196,0
DA:199,0
DA:200,0
DA:201,0
DA:202,0
DA:203,0
BRDA:190,255,1,0
BRDA:190,255,0,0
BRDA:199,595,1,0
BRDA:199,595,0,0
FN:321,System.Void L0gg3r.Logger/<SubmitLogMessageAsync>d__39::MoveNext()
FNDA:0,System.Void L0gg3r.Logger/<SubmitLogMessageAsync>d__39::MoveNext()
DA:322,0
DA:324,0
DA:326,0
DA:328,0
DA:330,0
DA:331,0
DA:332,0
DA:335,0
DA:336,0
DA:337,0
DA:338,0
DA:339,0
DA:340,0
DA:341,0
DA:342,0
DA:344,0
BRDA:328,72,0,0
BRDA:328,72,1,0
BRDA:330,575,1,0
BRDA:330,575,0,0
LF:134
LH:0
BRF:22
BRH:0
FNF:24
FNH:0
end_of_record
SF:/Users/wolf/Coden/L0gg3r/L0gg3r/src/LogMessage/DisableAsyncRequest.cs
FN:33,System.Threading.Tasks.TaskCompletionSource L0gg3r.DisableAsyncRequest::get_TaskCompletionSource()
FNDA:0,System.Threading.Tasks.TaskCompletionSource L0gg3r.DisableAsyncRequest::get_TaskCompletionSource()
DA:34,0
FN:23,System.Void L0gg3r.DisableAsyncRequest::.ctor()
FNDA:0,System.Void L0gg3r.DisableAsyncRequest::.ctor()
DA:24,0
DA:25,0
LF:3
LH:0
BRF:0
BRH:0
FNF:2
FNH:0
end_of_record
SF:/Users/wolf/Coden/L0gg3r/L0gg3r/src/LogMessage/FlushAsyncRequest.cs
FN:33,System.Threading.Tasks.TaskCompletionSource L0gg3r.FlushAsyncRequest::get_TaskCompletionSource()
FNDA:12,System.Threading.Tasks.TaskCompletionSource L0gg3r.FlushAsyncRequest::get_TaskCompletionSource()
DA:34,12
FN:23,System.Void L0gg3r.FlushAsyncRequest::.ctor()
FNDA:4,System.Void L0gg3r.FlushAsyncRequest::.ctor()
DA:24,4
DA:25,4
LF:3
LH:3
BRF:0
BRH:0
FNF:2
FNH:2
end_of_record
SF:/Users/wolf/Coden/L0gg3r/L0gg3r/src/LogMessage/LogLevel.cs
FN:46,L0gg3r.LogLevel L0gg3r.LogLevel::get_Info()
FNDA:9,L0gg3r.LogLevel L0gg3r.LogLevel::get_Info()
DA:47,9
FN:51,L0gg3r.LogLevel L0gg3r.LogLevel::get_Warning()
FNDA:1,L0gg3r.LogLevel L0gg3r.LogLevel::get_Warning()
DA:52,1
FN:56,L0gg3r.LogLevel L0gg3r.LogLevel::get_Error()
FNDA:1,L0gg3r.LogLevel L0gg3r.LogLevel::get_Error()
DA:57,1
FN:68,System.Collections.Generic.IReadOnlyList`1<L0gg3r.LogLevel> L0gg3r.LogLevel::get_Order()
FNDA:0,System.Collections.Generic.IReadOnlyList`1<L0gg3r.LogLevel> L0gg3r.LogLevel::get_Order()
DA:69,0
FN:73,System.String L0gg3r.LogLevel::get_Name()
FNDA:3,System.String L0gg3r.LogLevel::get_Name()
DA:74,3
FN:78,System.String L0gg3r.LogLevel::get_Description()
FNDA:0,System.String L0gg3r.LogLevel::get_Description()
DA:79,0
FN:87,System.Boolean L0gg3r.LogLevel::op_LessThan(L0gg3r.LogLevel,L0gg3r.LogLevel)
FNDA:0,System.Boolean L0gg3r.LogLevel::op_LessThan(L0gg3r.LogLevel,L0gg3r.LogLevel)
DA:88,0
DA:89,0
DA:90,0
FN:98,System.Boolean L0gg3r.LogLevel::op_LessThanOrEqual(L0gg3r.LogLevel,L0gg3r.LogLevel)
FNDA:0,System.Boolean L0gg3r.LogLevel::op_LessThanOrEqual(L0gg3r.LogLevel,L0gg3r.LogLevel)
DA:99,0
DA:100,0
DA:101,0
BRDA:100,8,0,0
BRDA:100,8,1,0
FN:109,System.Boolean L0gg3r.LogLevel::op_GreaterThan(L0gg3r.LogLevel,L0gg3r.LogLevel)
FNDA:0,System.Boolean L0gg3r.LogLevel::op_GreaterThan(L0gg3r.LogLevel,L0gg3r.LogLevel)
DA:110,0
DA:111,0
DA:112,0
FN:120,System.Boolean L0gg3r.LogLevel::op_GreaterThanOrEqual(L0gg3r.LogLevel,L0gg3r.LogLevel)
FNDA:0,System.Boolean L0gg3r.LogLevel::op_GreaterThanOrEqual(L0gg3r.LogLevel,L0gg3r.LogLevel)
DA:121,0
DA:122,0
DA:123,0
BRDA:122,8,0,0
BRDA:122,8,1,0
FN:135,L0gg3r.LogLevel L0gg3r.LogLevel::InsertLogLevelBefore(L0gg3r.LogLevel,System.String,System.String)
FNDA:0,L0gg3r.LogLevel L0gg3r.LogLevel::InsertLogLevelBefore(L0gg3r.LogLevel,System.String,System.String)
DA:136,0
DA:137,0
DA:138,0
DA:139,0
DA:142,0
DA:143,0
DA:144,0
DA:147,0
DA:149,0
DA:151,0
DA:152,0
BRDA:137,43,0,0
BRDA:137,43,1,0
BRDA:142,95,0,0
BRDA:142,95,1,0
FN:164,L0gg3r.LogLevel L0gg3r.LogLevel::InsertLogLevelAfter(L0gg3r.LogLevel,System.String,System.String)
FNDA:0,L0gg3r.LogLevel L0gg3r.LogLevel::InsertLogLevelAfter(L0gg3r.LogLevel,System.String,System.String)
DA:165,0
DA:166,0
DA:167,0
DA:168,0
DA:171,0
DA:172,0
DA:173,0
DA:176,0
DA:178,0
DA:180,0
DA:181,0
BRDA:166,43,0,0
BRDA:166,43,1,0
BRDA:171,95,0,0
BRDA:171,95,1,0
FN:187,System.Void L0gg3r.LogLevel::ResetOrder()
FNDA:0,System.Void L0gg3r.LogLevel::ResetOrder()
DA:188,0
DA:189,0
DA:190,0
DA:191,0
DA:192,0
DA:193,0
DA:194,0
DA:195,0
FN:198,System.Int32 L0gg3r.LogLevel::CompareTo(System.Object)
FNDA:0,System.Int32 L0gg3r.LogLevel::CompareTo(System.Object)
DA:199,0
DA:200,0
DA:201,0
DA:202,0
DA:205,0
DA:206,0
DA:208,0
BRDA:200,7,0,0
BRDA:200,7,1,0
BRDA:200,22,0,0
BRDA:200,22,1,0
FN:211,System.Int32 L0gg3r.LogLevel::CompareTo(L0gg3r.LogLevel)
FNDA:0,System.Int32 L0gg3r.LogLevel::CompareTo(L0gg3r.LogLevel)
DA:212,0
DA:213,0
DA:214,0
DA:215,0
DA:218,0
DA:219,0
DA:220,0
DA:223,0
DA:224,0
BRDA:213,15,0,0
BRDA:213,15,1,0
BRDA:218,36,0,0
BRDA:218,36,1,0
FN:226,System.Int32 L0gg3r.LogLevel::GetHashCode()
FNDA:0,System.Int32 L0gg3r.LogLevel::GetHashCode()
DA:227,0
FN:229,System.String L0gg3r.LogLevel::ToString()
FNDA:3,System.String L0gg3r.LogLevel::ToString()
DA:230,3
FN:231,System.String L0gg3r.LogLevel::GetDebuggerDisplay()
FNDA:0,System.String L0gg3r.LogLevel::GetDebuggerDisplay()
DA:232,0
FN:36,System.Void L0gg3r.LogLevel::.ctor(System.String,System.String)
FNDA:3,System.Void L0gg3r.LogLevel::.ctor(System.String,System.String)
DA:37,3
DA:38,3
DA:40,3
DA:41,3
DA:42,3
FN:19,System.Void L0gg3r.LogLevel::.cctor()
FNDA:1,System.Void L0gg3r.LogLevel::.cctor()
DA:20,1
DA:21,1
DA:22,1
DA:23,1
DA:24,1
DA:25,1
LF:78
LH:16
BRF:20
BRH:0
FNF:20
FNH:7
end_of_record
SF:/Users/wolf/Coden/L0gg3r/L0gg3r/src/LogMessage/LogMessage.cs
FN:45,System.DateTime L0gg3r.LogMessage::get_Timestamp()
FNDA:11,System.DateTime L0gg3r.LogMessage::get_Timestamp()
DA:46,11
FN:51,L0gg3r.LogLevel L0gg3r.LogMessage::get_LogLevel()
FNDA:11,L0gg3r.LogLevel L0gg3r.LogMessage::get_LogLevel()
DA:52,11
FN:56,System.Object L0gg3r.LogMessage::get_Payload()
FNDA:27,System.Object L0gg3r.LogMessage::get_Payload()
DA:57,27
FN:61,System.Collections.Generic.IReadOnlyCollection`1<System.String> L0gg3r.LogMessage::get_Senders()
FNDA:11,System.Collections.Generic.IReadOnlyCollection`1<System.String> L0gg3r.LogMessage::get_Senders()
DA:62,11
FN:68,System.Boolean L0gg3r.LogMessage::Equals(L0gg3r.LogMessage)
FNDA:0,System.Boolean L0gg3r.LogMessage::Equals(L0gg3r.LogMessage)
DA:69,0
FN:71,System.Int32 L0gg3r.LogMessage::GetHashCode()
FNDA:0,System.Int32 L0gg3r.LogMessage::GetHashCode()
DA:72,0
FN:76,System.String L0gg3r.LogMessage::GetDebuggerDisplay()
FNDA:0,System.String L0gg3r.LogMessage::GetDebuggerDisplay()
DA:77,0
FN:35,System.Void L0gg3r.LogMessage::.ctor()
FNDA:8,System.Void L0gg3r.LogMessage::.ctor()
DA:36,8
DA:37,8
LF:9
LH:6
BRF:0
BRH:0
FNF:8
FNH:5
end_of_record
SF:/Users/wolf/Coden/L0gg3r/L0gg3r/src/LogMessage/LogMessagePipeline.cs
FN:98,System.Func`2<L0gg3r.LogMessage,L0gg3r.LogMessage> L0gg3r.LogMessagePipeline::get_Transform()
FNDA:4,System.Func`2<L0gg3r.LogMessage,L0gg3r.LogMessage> L0gg3r.LogMessagePipeline::get_Transform()
DA:99,4
FN:100,System.Void L0gg3r.LogMessagePipeline::set_Transform(System.Func`2<L0gg3r.LogMessage,L0gg3r.LogMessage>)
FNDA:0,System.Void L0gg3r.LogMessagePipeline::set_Transform(System.Func`2<L0gg3r.LogMessage,L0gg3r.LogMessage>)
DA:101,0
DA:102,0
DA:104,0
DA:105,0
FN:110,System.Boolean L0gg3r.LogMessagePipeline::get_IsDisposed()
FNDA:8,System.Boolean L0gg3r.LogMessagePipeline::get_IsDisposed()
DA:111,8
FN:115,System.Collections.Generic.IEnumerable`1<System.Predicate`1<L0gg3r.LogMessage>> L0gg3r.LogMessagePipeline::get_Filters()
FNDA:0,System.Collections.Generic.IEnumerable`1<System.Predicate`1<L0gg3r.LogMessage>> L0gg3r.LogMessagePipeline::get_Filters()
DA:116,0
FN:120,System.Boolean L0gg3r.LogMessagePipeline::get_IsDisabled()
FNDA:4,System.Boolean L0gg3r.LogMessagePipeline::get_IsDisabled()
DA:121,4
FN:128,System.Void L0gg3r.LogMessagePipeline::Dispose()
FNDA:0,System.Void L0gg3r.LogMessagePipeline::Dispose()
DA:129,0
FN:152,L0gg3r.LogMessagePipeline L0gg3r.LogMessagePipeline::Submit(L0gg3r.LogMessage)
FNDA:4,L0gg3r.LogMessagePipeline L0gg3r.LogMessagePipeline::Submit(L0gg3r.LogMessage)
DA:153,4
DA:154,4
DA:156,4
DA:157,4
DA:158,4
DA:159,4
DA:161,4
DA:162,4
BRDA:156,25,0,4
BRDA:156,25,1,4
FN:173,System.IDisposable L0gg3r.LogMessagePipeline::AddFilter(System.Predicate`1<L0gg3r.LogMessage>)
FNDA:0,System.IDisposable L0gg3r.LogMessagePipeline::AddFilter(System.Predicate`1<L0gg3r.LogMessage>)
DA:174,0
DA:175,0
DA:177,0
DA:179,0
DA:181,0
DA:183,0
DA:184,0
FN:192,System.Void L0gg3r.LogMessagePipeline::RemoveFilter(System.Predicate`1<L0gg3r.LogMessage>)
FNDA:0,System.Void L0gg3r.LogMessagePipeline::RemoveFilter(System.Predicate`1<L0gg3r.LogMessage>)
DA:193,0
DA:194,0
DA:196,0
DA:198,0
DA:199,0
FN:206,System.IDisposable L0gg3r.LogMessagePipeline::Add(System.Predicate`1<L0gg3r.LogMessage>)
FNDA:0,System.IDisposable L0gg3r.LogMessagePipeline::Add(System.Predicate`1<L0gg3r.LogMessage>)
DA:207,0
FN:231,System.Void L0gg3r.LogMessagePipeline::Flush()
FNDA:0,System.Void L0gg3r.LogMessagePipeline::Flush()
DA:232,0
FN:273,System.Void L0gg3r.LogMessagePipeline::Enable()
FNDA:0,System.Void L0gg3r.LogMessagePipeline::Enable()
DA:274,0
DA:275,0
DA:277,0
DA:278,0
DA:279,0
DA:282,0
DA:283,0
BRDA:277,25,0,0
BRDA:277,25,1,0
FN:298,System.Void L0gg3r.LogMessagePipeline::Disable()
FNDA:0,System.Void L0gg3r.LogMessagePipeline::Disable()
DA:299,0
FN:316,System.Threading.Tasks.Task L0gg3r.LogMessagePipeline::DisableAsync()
FNDA:0,System.Threading.Tasks.Task L0gg3r.LogMessagePipeline::DisableAsync()
DA:317,0
DA:318,0
DA:320,0
DA:321,0
DA:322,0
DA:325,0
DA:327,0
DA:329,0
DA:330,0
DA:331,0
DA:332,0
DA:334,0
DA:335,0
BRDA:320,22,0,0
BRDA:320,22,1,0
FN:64,System.Void L0gg3r.LogMessagePipeline::.ctor(System.Action`1<L0gg3r.LogMessage>)
FNDA:0,System.Void L0gg3r.LogMessagePipeline::.ctor(System.Action`1<L0gg3r.LogMessage>)
DA:65,0
DA:66,0
DA:67,0
DA:68,0
DA:69,0
DA:70,0
DA:71,0
DA:72,0
FN:44,System.Void L0gg3r.LogMessagePipeline::.ctor(System.Func`2<L0gg3r.LogMessage,System.Threading.Tasks.ValueTask>)
FNDA:4,System.Void L0gg3r.LogMessagePipeline::.ctor(System.Func`2<L0gg3r.LogMessage,System.Threading.Tasks.ValueTask>)
DA:45,4
DA:53,4
DA:79,4
DA:80,4
DA:81,4
DA:83,4
DA:84,4
FN:363,System.Boolean L0gg3r.LogMessagePipeline/<>c__DisplayClass33_0::<RunAsync>b__0(System.Predicate`1<L0gg3r.LogMessage>)
FNDA:4,System.Boolean L0gg3r.LogMessagePipeline/<>c__DisplayClass33_0::<RunAsync>b__0(System.Predicate`1<L0gg3r.LogMessage>)
DA:364,4
FN:133,System.Void L0gg3r.LogMessagePipeline/<DisposeAsync>d__21::MoveNext()
FNDA:0,System.Void L0gg3r.LogMessagePipeline/<DisposeAsync>d__21::MoveNext()
DA:134,0
DA:135,0
DA:137,0
DA:139,0
DA:141,0
DA:143,0
DA:144,0
FN:214,System.Void L0gg3r.LogMessagePipeline/<FlushAsync>d__26::MoveNext()
FNDA:4,System.Void L0gg3r.LogMessagePipeline/<FlushAsync>d__26::MoveNext()
DA:215,4
DA:216,4
DA:218,4
DA:220,4
DA:221,4
DA:222,4
DA:223,4
DA:225,4
DA:226,4
FN:340,System.Void L0gg3r.LogMessagePipeline/<RunAsync>d__33::MoveNext()
FNDA:4,System.Void L0gg3r.LogMessagePipeline/<RunAsync>d__33::MoveNext()
DA:341,4
DA:342,4
DA:345,4
DA:346,12
DA:347,12
DA:348,12
DA:350,8
DA:351,4
DA:352,4
DA:354,4
DA:357,4
DA:358,0
DA:359,0
DA:361,0
DA:365,0
DA:366,0
DA:369,4
DA:370,0
DA:371,0
DA:372,0
DA:376,4
DA:377,4
DA:378,4
DA:379,0
DA:380,0
DA:381,0
DA:382,0
DA:384,4
DA:386,0
DA:387,0
DA:388,0
DA:389,0
BRDA:350,272,0,4
BRDA:350,272,1,4
BRDA:350,295,0,4
BRDA:350,295,1,4
BRDA:357,345,0,0
BRDA:357,345,1,4
BRDA:357,368,0,0
BRDA:357,368,1,4
BRDA:364,433,0,0
BRDA:364,433,1,4
BRDA:369,462,0,0
BRDA:369,462,1,4
FN:236,System.Boolean L0gg3r.LogMessagePipeline/<System-Collections-Generic-IEnumerable<System-Predicate<L0gg3r-LogMessage>>-GetEnumerator>d__28::MoveNext()
FNDA:0,System.Boolean L0gg3r.LogMessagePipeline/<System-Collections-Generic-IEnumerable<System-Predicate<L0gg3r-LogMessage>>-GetEnumerator>d__28::MoveNext()
DA:237,0
DA:238,0
DA:240,0
DA:241,0
DA:242,0
DA:243,0
DA:244,0
BRDA:240,145,1,0
BRDA:240,145,0,0
FN:248,System.Boolean L0gg3r.LogMessagePipeline/<System-Collections-IEnumerable-GetEnumerator>d__29::MoveNext()
FNDA:0,System.Boolean L0gg3r.LogMessagePipeline/<System-Collections-IEnumerable-GetEnumerator>d__29::MoveNext()
DA:249,0
DA:250,0
DA:252,0
DA:253,0
DA:254,0
DA:255,0
DA:256,0
BRDA:252,145,1,0
BRDA:252,145,0,0
LF:130
LH:44
BRF:22
BRH:10
FNF:22
FNH:8
end_of_record
SF:/Users/wolf/Coden/L0gg3r/L0gg3r/src/LogMessageWriter/LogMessageWriterAttribute.cs
FN:46,System.Type L0gg3r.LogMessageWriterAttribute::get_LogSinkType()
FNDA:0,System.Type L0gg3r.LogMessageWriterAttribute::get_LogSinkType()
DA:47,0
FN:51,System.Type L0gg3r.LogMessageWriterAttribute::get_PayloadType()
FNDA:0,System.Type L0gg3r.LogMessageWriterAttribute::get_PayloadType()
DA:52,0
FN:29,System.Void L0gg3r.LogMessageWriterAttribute::.ctor(System.Type,System.Type)
FNDA:0,System.Void L0gg3r.LogMessageWriterAttribute::.ctor(System.Type,System.Type)
DA:30,0
DA:31,0
DA:32,0
DA:33,0
DA:35,0
DA:36,0
DA:37,0
DA:40,0
DA:41,0
DA:42,0
BRDA:35,53,0,0
BRDA:35,53,1,0
LF:12
LH:0
BRF:2
BRH:0
FNF:3
FNH:0
end_of_record
SF:/Users/wolf/Coden/L0gg3r/L0gg3r/src/LogMessageWriter/LogMessageWriterAttribute{TLogSink,TPayload}.cs
FN:28,System.Void L0gg3r.LogMessageWriterAttribute`2::.ctor()
FNDA:0,System.Void L0gg3r.LogMessageWriterAttribute`2::.ctor()
DA:29,0
DA:30,0
DA:31,0
LF:3
LH:0
BRF:0
BRH:0
FNF:1
FNH:0
end_of_record
SF:/Users/wolf/Coden/L0gg3r/L0gg3r/src/LogMessageWriter/LogMessageWriterInfo.cs
FN:44,System.Type L0gg3r.LogMessageWriterInfo::get_Type()
FNDA:0,System.Type L0gg3r.LogMessageWriterInfo::get_Type()
DA:45,0
FN:49,System.Type L0gg3r.LogMessageWriterInfo::get_PayloadType()
FNDA:0,System.Type L0gg3r.LogMessageWriterInfo::get_PayloadType()
DA:50,0
FN:52,System.String L0gg3r.LogMessageWriterInfo::GetDebuggerDisplay()
FNDA:0,System.String L0gg3r.LogMessageWriterInfo::GetDebuggerDisplay()
DA:53,0
DA:54,0
DA:55,0
FN:23,System.Void L0gg3r.LogMessageWriterInfo::.ctor(System.Type,L0gg3r.LogMessageWriterAttribute)
FNDA:0,System.Void L0gg3r.LogMessageWriterInfo::.ctor(System.Type,L0gg3r.LogMessageWriterAttribute)
DA:24,0
DA:25,0
DA:26,0
DA:27,0
DA:29,0
DA:30,0
DA:31,0
DA:34,0
DA:35,0
DA:36,0
BRDA:29,58,0,0
BRDA:29,58,1,0
LF:15
LH:0
BRF:2
BRH:0
FNF:4
FNH:0
end_of_record
SF:/Users/wolf/Coden/L0gg3r/L0gg3r/src/LogSinks/LogSinkBase.cs
FN:51,System.Boolean L0gg3r.LogSinkBase::get_IsDisposed()
FNDA:0,System.Boolean L0gg3r.LogSinkBase::get_IsDisposed()
DA:52,0
FN:56,L0gg3r.ServiceProvider L0gg3r.LogSinkBase::get_ServiceProvider()
FNDA:19,L0gg3r.ServiceProvider L0gg3r.LogSinkBase::get_ServiceProvider()
DA:57,19
FN:64,System.Boolean L0gg3r.LogSinkBase::get_IsDisabled()
FNDA:0,System.Boolean L0gg3r.LogSinkBase::get_IsDisabled()
DA:65,0
FN:83,System.Threading.Tasks.ValueTask L0gg3r.LogSinkBase::FlushAsync()
FNDA:4,System.Threading.Tasks.ValueTask L0gg3r.LogSinkBase::FlushAsync()
DA:84,4
FN:87,System.Threading.Tasks.ValueTask L0gg3r.LogSinkBase::SubmitAsync(L0gg3r.LogMessage&)
FNDA:4,System.Threading.Tasks.ValueTask L0gg3r.LogSinkBase::SubmitAsync(L0gg3r.LogMessage&)
DA:88,4
DA:89,4
DA:91,4
DA:92,4
FN:96,System.IDisposable L0gg3r.LogSinkBase::AddFilter(System.Predicate`1<L0gg3r.LogMessage>)
FNDA:0,System.IDisposable L0gg3r.LogSinkBase::AddFilter(System.Predicate`1<L0gg3r.LogMessage>)
DA:97,0
DA:98,0
DA:100,0
DA:101,0
FN:105,System.Void L0gg3r.LogSinkBase::RemoveFilter(System.Predicate`1<L0gg3r.LogMessage>)
FNDA:0,System.Void L0gg3r.LogSinkBase::RemoveFilter(System.Predicate`1<L0gg3r.LogMessage>)
DA:106,0
DA:107,0
DA:109,0
DA:110,0
FN:119,System.Void L0gg3r.LogSinkBase::Enable()
FNDA:0,System.Void L0gg3r.LogSinkBase::Enable()
DA:120,0
DA:121,0
DA:123,0
DA:124,0
FN:133,System.Void L0gg3r.LogSinkBase::Disable()
FNDA:0,System.Void L0gg3r.LogSinkBase::Disable()
DA:134,0
DA:135,0
DA:137,0
DA:138,0
FN:147,System.Threading.Tasks.Task L0gg3r.LogSinkBase::DisableAsync()
FNDA:0,System.Threading.Tasks.Task L0gg3r.LogSinkBase::DisableAsync()
DA:148,0
DA:149,0
DA:151,0
DA:152,0
FN:201,System.Threading.Tasks.ValueTask L0gg3r.LogSinkBase::DisposeAsyncCore()
FNDA:0,System.Threading.Tasks.ValueTask L0gg3r.LogSinkBase::DisposeAsyncCore()
DA:202,0
DA:203,0
DA:205,0
DA:206,0
FN:37,System.Void L0gg3r.LogSinkBase::.ctor()
FNDA:4,System.Void L0gg3r.LogSinkBase::.ctor()
DA:38,4
DA:39,4
DA:40,4
DA:42,4
DA:43,4
FN:72,System.Void L0gg3r.LogSinkBase/<DisposeAsync>d__11::MoveNext()
FNDA:0,System.Void L0gg3r.LogSinkBase/<DisposeAsync>d__11::MoveNext()
DA:73,0
DA:74,0
DA:76,0
DA:78,0
DA:80,0
DA:81,0
FN:173,System.Void L0gg3r.LogSinkBase/<ProcessAsync>d__20::MoveNext()
FNDA:4,System.Void L0gg3r.LogSinkBase/<ProcessAsync>d__20::MoveNext()
DA:174,4
DA:175,4
DA:177,4
DA:178,0
DA:179,0
DA:181,0
DA:182,0
DA:183,0
DA:185,0
DA:186,0
DA:187,0
DA:189,0
DA:190,0
DA:192,4
DA:193,4
DA:194,4
DA:195,4
BRDA:175,39,0,1
BRDA:175,39,1,3
BRDA:177,61,0,3
BRDA:177,61,1,1
BRDA:177,90,0,0
BRDA:181,348,1,0
BRDA:185,324,0,0
BRDA:185,324,1,0
BRDA:181,348,0,0
BRDA:177,90,1,4
LF:60
LH:18
BRF:10
BRH:5
FNF:14
FNH:5
end_of_record
SF:/Users/wolf/Coden/L0gg3r/L0gg3r/src/ServiceProvider/LogMessageWriterRegistration.cs
FN:47,System.Type L0gg3r.LogMessageWriterRegistration::get_Type()
FNDA:0,System.Type L0gg3r.LogMessageWriterRegistration::get_Type()
DA:48,0
FN:52,L0gg3r.ILogMessageWriter L0gg3r.LogMessageWriterRegistration::get_Instance()
FNDA:0,L0gg3r.ILogMessageWriter L0gg3r.LogMessageWriterRegistration::get_Instance()
DA:53,0
FN:23,System.Void L0gg3r.LogMessageWriterRegistration::.ctor(System.Type)
FNDA:0,System.Void L0gg3r.LogMessageWriterRegistration::.ctor(System.Type)
DA:24,0
DA:25,0
DA:26,0
DA:27,0
DA:28,0
FN:34,System.Void L0gg3r.LogMessageWriterRegistration::.ctor(System.Type,L0gg3r.ILogMessageWriter)
FNDA:0,System.Void L0gg3r.LogMessageWriterRegistration::.ctor(System.Type,L0gg3r.ILogMessageWriter)
DA:35,0
DA:36,0
DA:37,0
DA:38,0
DA:39,0
LF:12
LH:0
BRF:0
BRH:0
FNF:4
FNH:0
end_of_record
SF:/Users/wolf/Coden/L0gg3r/L0gg3r/src/ServiceProvider/Registration.cs
FN:15,System.Func`1<System.Object> L0gg3r.Registration::get_Factory()
FNDA:21,System.Func`1<System.Object> L0gg3r.Registration::get_Factory()
DA:16,21
LF:1
LH:1
BRF:0
BRH:0
FNF:1
FNH:1
end_of_record
SF:/Users/wolf/Coden/L0gg3r/L0gg3r/src/ServiceProvider/ServiceProvider.cs
FN:31,System.Void L0gg3r.ServiceProvider::Dispose()
FNDA:0,System.Void L0gg3r.ServiceProvider::Dispose()
DA:32,0
DA:33,0
FN:40,System.Boolean L0gg3r.ServiceProvider::ProvidesLogMessageWriterForType(System.Type)
FNDA:3,System.Boolean L0gg3r.ServiceProvider::ProvidesLogMessageWriterForType(System.Type)
DA:41,3
DA:42,21
DA:43,3
BRDA:42,8,0,3
BRDA:42,8,1,18
FN:51,System.Void L0gg3r.ServiceProvider::RegisterLogMessageWriter()
FNDA:0,System.Void L0gg3r.ServiceProvider::RegisterLogMessageWriter()
DA:52,0
DA:53,0
DA:54,0
FN:61,System.Void L0gg3r.ServiceProvider::RegisterLogMessageWriter(System.Type)
FNDA:0,System.Void L0gg3r.ServiceProvider::RegisterLogMessageWriter(System.Type)
DA:62,0
DA:63,0
DA:65,0
DA:66,0
DA:67,0
DA:70,0
DA:72,0
DA:73,0
DA:74,0
DA:77,0
DA:78,0
BRDA:65,45,0,0
BRDA:65,45,1,0
BRDA:72,148,0,0
BRDA:72,148,1,0
BRDA:72,8,0,0
BRDA:72,8,1,0
FN:87,System.Void L0gg3r.ServiceProvider::RegisterLogMessageWriterInstance(L0gg3r.ILogMessageWriter)
FNDA:0,System.Void L0gg3r.ServiceProvider::RegisterLogMessageWriterInstance(L0gg3r.ILogMessageWriter)
DA:88,0
DA:89,0
DA:91,0
DA:93,0
DA:94,0
DA:95,0
DA:98,0
DA:100,0
DA:101,0
DA:102,0
DA:105,0
DA:106,0
BRDA:93,52,0,0
BRDA:93,52,1,0
BRDA:100,157,0,0
BRDA:100,157,1,0
BRDA:100,8,0,0
BRDA:100,8,1,0
FN:116,System.Collections.Generic.IEnumerable`1<L0gg3r.ILogMessageWriter> L0gg3r.ServiceProvider::ResolveLogMessageWriters(System.Type)
FNDA:0,System.Collections.Generic.IEnumerable`1<L0gg3r.ILogMessageWriter> L0gg3r.ServiceProvider::ResolveLogMessageWriters(System.Type)
DA:117,0
DA:118,0
DA:120,0
DA:121,0
BRDA:120,13,0,0
BRDA:120,13,1,0
FN:127,System.Boolean L0gg3r.ServiceProvider::ProvidesService()
FNDA:0,System.Boolean L0gg3r.ServiceProvider::ProvidesService()
DA:128,0
FN:136,System.Boolean L0gg3r.ServiceProvider::ProvidesService(System.Object)
FNDA:0,System.Boolean L0gg3r.ServiceProvider::ProvidesService(System.Object)
DA:137,0
FN:145,System.Boolean L0gg3r.ServiceProvider::ProvidesService(System.Type)
FNDA:0,System.Boolean L0gg3r.ServiceProvider::ProvidesService(System.Type)
DA:146,0
DA:147,0
DA:149,0
DA:150,0
FN:163,System.Boolean L0gg3r.ServiceProvider::ProvidesService(System.Type,System.Object)
FNDA:0,System.Boolean L0gg3r.ServiceProvider::ProvidesService(System.Type,System.Object)
DA:164,0
DA:165,0
DA:166,0
DA:168,0
DA:169,0
DA:170,0
DA:171,0
DA:172,0
DA:175,0
DA:176,0
DA:180,0
DA:181,0
BRDA:168,59,0,0
BRDA:170,73,0,0
BRDA:170,73,1,0
BRDA:168,59,1,0
BRDA:176,6,0,0
BRDA:176,6,1,0
FN:188,System.Void L0gg3r.ServiceProvider::RegisterService()
FNDA:0,System.Void L0gg3r.ServiceProvider::RegisterService()
DA:189,0
DA:211,0
FN:197,System.Void L0gg3r.ServiceProvider::RegisterService(System.Object)
FNDA:0,System.Void L0gg3r.ServiceProvider::RegisterService(System.Object)
DA:198,0
DA:225,0
FN:231,System.Void L0gg3r.ServiceProvider::RegisterService(System.Type)
FNDA:0,System.Void L0gg3r.ServiceProvider::RegisterService(System.Type)
DA:232,0
FN:239,System.Void L0gg3r.ServiceProvider::RegisterService(System.Type,System.Object)
FNDA:0,System.Void L0gg3r.ServiceProvider::RegisterService(System.Type,System.Object)
DA:240,0
FN:251,System.Void L0gg3r.ServiceProvider::RegisterService(System.Type,System.Type)
FNDA:0,System.Void L0gg3r.ServiceProvider::RegisterService(System.Type,System.Type)
DA:252,0
DA:253,0
DA:254,0
DA:256,0
DA:257,0
DA:258,0
DA:261,0
DA:262,0
DA:263,0
DA:266,0
DA:268,0
DA:269,0
BRDA:256,33,0,0
BRDA:256,33,1,0
BRDA:261,59,0,0
BRDA:261,59,1,0
FN:281,System.Void L0gg3r.ServiceProvider::RegisterService(System.Type,System.Type,System.Object)
FNDA:0,System.Void L0gg3r.ServiceProvider::RegisterService(System.Type,System.Type,System.Object)
DA:282,0
DA:283,0
DA:284,0
DA:285,0
DA:287,0
DA:288,0
DA:289,0
DA:292,0
DA:293,0
DA:294,0
DA:297,0
DA:299,0
DA:300,0
BRDA:287,45,0,0
BRDA:287,45,1,0
BRDA:292,71,0,0
BRDA:292,71,1,0
FN:306,System.Void L0gg3r.ServiceProvider::RegisterSingletonService()
FNDA:0,System.Void L0gg3r.ServiceProvider::RegisterSingletonService()
DA:307,0
DA:339,0
FN:314,System.Void L0gg3r.ServiceProvider::RegisterSingletonService(System.Object)
FNDA:0,System.Void L0gg3r.ServiceProvider::RegisterSingletonService(System.Object)
DA:315,0
DA:352,0
FN:321,System.Void L0gg3r.ServiceProvider::RegisterSingletonService(System.Type)
FNDA:0,System.Void L0gg3r.ServiceProvider::RegisterSingletonService(System.Type)
DA:322,0
FN:329,System.Void L0gg3r.ServiceProvider::RegisterSingletonService(System.Type,System.Object)
FNDA:0,System.Void L0gg3r.ServiceProvider::RegisterSingletonService(System.Type,System.Object)
DA:330,0
FN:361,System.Void L0gg3r.ServiceProvider::RegisterSingletonService(System.Type,System.Type)
FNDA:0,System.Void L0gg3r.ServiceProvider::RegisterSingletonService(System.Type,System.Type)
DA:362,0
DA:363,0
DA:364,0
DA:366,0
DA:367,0
DA:368,0
DA:371,0
DA:372,0
DA:373,0
DA:376,0
DA:378,0
DA:379,0
BRDA:366,33,0,0
BRDA:366,33,1,0
BRDA:371,59,0,0
BRDA:371,59,1,0
FN:390,System.Void L0gg3r.ServiceProvider::RegisterSingletonService(System.Type,System.Type,System.Object)
FNDA:0,System.Void L0gg3r.ServiceProvider::RegisterSingletonService(System.Type,System.Type,System.Object)
DA:391,0
DA:392,0
DA:393,0
DA:394,0
DA:396,0
DA:397,0
DA:398,0
DA:401,0
DA:402,0
DA:403,0
DA:406,0
DA:408,0
DA:409,0
BRDA:396,45,0,0
BRDA:396,45,1,0
BRDA:401,71,0,0
BRDA:401,71,1,0
FN:415,System.Void L0gg3r.ServiceProvider::RegisterServiceInstance(System.Object)
FNDA:8,System.Void L0gg3r.ServiceProvider::RegisterServiceInstance(System.Object)
DA:416,8
DA:417,8
DA:419,8
DA:420,8
DA:443,4
FN:430,System.Void L0gg3r.ServiceProvider::RegisterServiceInstance(System.Object,System.Object)
FNDA:0,System.Void L0gg3r.ServiceProvider::RegisterServiceInstance(System.Object,System.Object)
DA:431,0
DA:432,0
DA:434,0
DA:435,0
DA:474,0
FN:452,System.Void L0gg3r.ServiceProvider::RegisterServiceInstance(System.Type,System.Object)
FNDA:12,System.Void L0gg3r.ServiceProvider::RegisterServiceInstance(System.Type,System.Object)
DA:453,12
DA:454,12
DA:455,12
DA:457,12
DA:458,0
DA:459,0
DA:462,12
DA:464,12
DA:465,12
BRDA:457,42,0,0
BRDA:457,42,1,12
FN:485,System.Void L0gg3r.ServiceProvider::RegisterServiceInstance(System.Type,System.Object,System.Object)
FNDA:0,System.Void L0gg3r.ServiceProvider::RegisterServiceInstance(System.Type,System.Object,System.Object)
DA:486,0
DA:487,0
DA:488,0
DA:489,0
DA:491,0
DA:492,0
DA:493,0
DA:496,0
DA:498,0
DA:499,0
BRDA:491,54,0,0
BRDA:491,54,1,0
FN:506,TService L0gg3r.ServiceProvider::ResolveService()
FNDA:0,TService L0gg3r.ServiceProvider::ResolveService()
DA:507,0
FN:515,TService L0gg3r.ServiceProvider::ResolveService(System.Object)
FNDA:0,TService L0gg3r.ServiceProvider::ResolveService(System.Object)
DA:516,0
FN:526,System.Object L0gg3r.ServiceProvider::ResolveService(System.Type)
FNDA:0,System.Object L0gg3r.ServiceProvider::ResolveService(System.Type)
DA:527,0
DA:528,0
DA:530,0
DA:532,0
DA:533,0
BRDA:532,68,0,0
BRDA:532,68,1,0
FN:544,System.Object L0gg3r.ServiceProvider::ResolveService(System.Type,System.Object)
FNDA:0,System.Object L0gg3r.ServiceProvider::ResolveService(System.Type,System.Object)
DA:545,0
DA:546,0
DA:547,0
DA:549,0
DA:551,0
DA:552,0
BRDA:551,115,0,0
BRDA:551,115,1,0
BRDA:549,6,0,0
BRDA:549,6,1,0
FN:557,System.Func`1<System.Object> L0gg3r.ServiceProvider::CreateInstanceFactory(System.Object)
FNDA:12,System.Func`1<System.Object> L0gg3r.ServiceProvider::CreateInstanceFactory(System.Object)
DA:558,12
DA:559,12
DA:560,12
FN:562,System.Func`1<System.Object> L0gg3r.ServiceProvider::CreateTransientFactory(System.Type)
FNDA:0,System.Func`1<System.Object> L0gg3r.ServiceProvider::CreateTransientFactory(System.Type)
DA:563,0
DA:564,0
DA:566,0
DA:568,0
DA:569,0
DA:570,0
DA:573,0
DA:574,0
DA:575,0
DA:576,0
DA:577,0
DA:578,0
DA:579,0
DA:581,0
BRDA:564,39,0,0
BRDA:564,39,1,0
BRDA:568,139,0,0
BRDA:568,139,1,0
BRDA:576,14,0,0
BRDA:576,14,1,0
FN:583,System.Func`1<System.Object> L0gg3r.ServiceProvider::CreateSingletonFactory(System.Type)
FNDA:0,System.Func`1<System.Object> L0gg3r.ServiceProvider::CreateSingletonFactory(System.Type)
DA:584,0
DA:585,0
DA:587,0
DA:588,0
FN:590,System.Void L0gg3r.ServiceProvider::AddRegistration(System.Type,L0gg3r.Registration)
FNDA:12,System.Void L0gg3r.ServiceProvider::AddRegistration(System.Type,L0gg3r.Registration)
DA:591,12
DA:592,12
DA:593,0
DA:594,0
DA:595,0
DA:597,12
DA:598,12
DA:599,12
DA:600,12
BRDA:592,17,0,0
BRDA:592,17,1,12
FN:23,System.Void L0gg3r.ServiceProvider::.ctor()
FNDA:4,System.Void L0gg3r.ServiceProvider::.ctor()
DA:24,4
LF:188
LH:25
BRF:56
BRH:4
FNF:35
FNH:6
end_of_record
SF:/Users/wolf/Coden/L0gg3r/L0gg3r/src/ServiceProvider/ServiceRegistration.cs
FN:50,System.Type L0gg3r.ServiceRegistration::get_ServiceType()
FNDA:0,System.Type L0gg3r.ServiceRegistration::get_ServiceType()
DA:51,0
FN:55,System.Type L0gg3r.ServiceRegistration::get_ImplemenetationType()
FNDA:0,System.Type L0gg3r.ServiceRegistration::get_ImplemenetationType()
DA:56,0
FN:60,System.Object L0gg3r.ServiceRegistration::get_Instance()
FNDA:0,System.Object L0gg3r.ServiceRegistration::get_Instance()
DA:61,0
FN:24,System.Void L0gg3r.ServiceRegistration::.ctor(System.Type,System.Type)
FNDA:0,System.Void L0gg3r.ServiceRegistration::.ctor(System.Type,System.Type)
DA:25,0
DA:26,0
DA:27,0
DA:28,0
DA:29,0
DA:30,0
FN:36,System.Void L0gg3r.ServiceRegistration::.ctor(System.Type,System.Object)
FNDA:0,System.Void L0gg3r.ServiceRegistration::.ctor(System.Type,System.Object)
DA:37,0
DA:38,0
DA:39,0
DA:40,0
DA:41,0
DA:42,0
LF:15
LH:0
BRF:0
BRH:0
FNF:5
FNH:0
end_of_record
SF:/Users/wolf/Coden/L0gg3r/L0gg3r.LogSinks.Console.SmartConsoleLogSink/src/Extensions/LogToExtensions.cs
FN:21,L0gg3r.LoggerBuilder L0gg3r.LogSinks.Console.SmartConsoleLogSink.LogToExtensions::SmartConsole(L0gg3r.LogTo)
FNDA:0,L0gg3r.LoggerBuilder L0gg3r.LogSinks.Console.SmartConsoleLogSink.LogToExtensions::SmartConsole(L0gg3r.LogTo)
DA:22,0
DA:23,0
DA:25,0
DA:26,0
FN:28,L0gg3r.LoggerBuilder L0gg3r.LogSinks.Console.SmartConsoleLogSink.LogToExtensions::SmartConsole(L0gg3r.LogTo,System.Action`1<L0gg3r.LogSinks.Console.SmartConsoleLogSink.SmartConsoleLogSink>)
FNDA:0,L0gg3r.LoggerBuilder L0gg3r.LogSinks.Console.SmartConsoleLogSink.LogToExtensions::SmartConsole(L0gg3r.LogTo,System.Action`1<L0gg3r.LogSinks.Console.SmartConsoleLogSink.SmartConsoleLogSink>)
DA:29,0
DA:30,0
DA:32,0
DA:34,0
DA:36,0
DA:37,0
LF:10
LH:0
BRF:0
BRH:0
FNF:2
FNH:0
end_of_record
SF:/Users/wolf/Coden/L0gg3r/L0gg3r.LogSinks.Console.SmartConsoleLogSink/src/SmartConsole.cs
FN:24,System.Boolean L0gg3r.LogSinks.Console.SmartConsoleLogSink.SmartConsole::get_IsInteractive()
FNDA:0,System.Boolean L0gg3r.LogSinks.Console.SmartConsoleLogSink.SmartConsole::get_IsInteractive()
DA:25,0
FN:32,TValue L0gg3r.LogSinks.Console.SmartConsoleLogSink.SmartConsole::Ask(System.String,System.Func`2<System.String,TValue>,TValue)
FNDA:0,TValue L0gg3r.LogSinks.Console.SmartConsoleLogSink.SmartConsole::Ask(System.String,System.Func`2<System.String,TValue>,TValue)
DA:33,0
DA:34,0
DA:35,0
DA:36,0
DA:38,0
DA:39,0
DA:40,0
DA:42,0
DA:44,0
DA:45,0
DA:46,0
DA:51,0
DA:52,0
DA:54,0
DA:55,0
DA:56,0
DA:58,0
DA:61,0
DA:62,0
DA:64,0
BRDA:34,9,0,0
BRDA:44,58,0,0
BRDA:44,58,1,0
BRDA:34,9,1,0
FN:67,System.Boolean L0gg3r.LogSinks.Console.SmartConsoleLogSink.SmartConsole::Confirm(System.String,System.Boolean)
FNDA:0,System.Boolean L0gg3r.LogSinks.Console.SmartConsoleLogSink.SmartConsole::Confirm(System.String,System.Boolean)
DA:68,0
DA:69,0
DA:70,0
DA:71,0
DA:72,0
DA:73,0
DA:75,0
DA:77,0
DA:78,0
DA:79,0
DA:81,0
DA:82,0
DA:83,0
DA:85,0
DA:86,0
DA:87,0
DA:89,0
DA:92,0
DA:93,0
DA:95,0
BRDA:69,9,0,0
BRDA:77,46,0,0
BRDA:77,46,1,0
BRDA:81,63,0,0
BRDA:81,63,1,0
BRDA:81,82,0,0
BRDA:81,82,1,0
BRDA:85,102,0,0
BRDA:85,102,1,0
BRDA:85,123,0,0
BRDA:85,123,1,0
BRDA:69,9,1,0
FN:97,System.Void L0gg3r.LogSinks.Console.SmartConsoleLogSink.SmartConsole::Write(System.String)
FNDA:0,System.Void L0gg3r.LogSinks.Console.SmartConsoleLogSink.SmartConsole::Write(System.String)
DA:98,0
FN:100,System.Void L0gg3r.LogSinks.Console.SmartConsoleLogSink.SmartConsole::WriteLine(System.String)
FNDA:0,System.Void L0gg3r.LogSinks.Console.SmartConsoleLogSink.SmartConsole::WriteLine(System.String)
DA:101,0
FN:103,System.Void L0gg3r.LogSinks.Console.SmartConsoleLogSink.SmartConsole::WriteLine()
FNDA:0,System.Void L0gg3r.LogSinks.Console.SmartConsoleLogSink.SmartConsole::WriteLine()
DA:104,0
FN:116,System.Void L0gg3r.LogSinks.Console.SmartConsoleLogSink.SmartConsole::WriteSmart(System.String,System.Object[])
FNDA:0,System.Void L0gg3r.LogSinks.Console.SmartConsoleLogSink.SmartConsole::WriteSmart(System.String,System.Object[])
DA:117,0
FN:130,System.Void L0gg3r.LogSinks.Console.SmartConsoleLogSink.SmartConsole::WriteLineSmart(System.String,System.Object[])
FNDA:4,System.Void L0gg3r.LogSinks.Console.SmartConsoleLogSink.SmartConsole::WriteLineSmart(System.String,System.Object[])
DA:131,4
LF:46
LH:1
BRF:16
BRH:0
FNF:8
FNH:1
end_of_record
SF:/Users/wolf/Coden/L0gg3r/L0gg3r.LogSinks.Console.SmartConsoleLogSink/src/SmartConsoleLogSink.cs
FN:36,System.String L0gg3r.LogSinks.Console.SmartConsoleLogSink.SmartConsoleLogSink::get_Format()
FNDA:10,System.String L0gg3r.LogSinks.Console.SmartConsoleLogSink.SmartConsoleLogSink::get_Format()
DA:37,10
FN:45,System.Threading.Tasks.ValueTask L0gg3r.LogSinks.Console.SmartConsoleLogSink.SmartConsoleLogSink::WriteAsync(L0gg3r.LogMessage& modreq(System.Runtime.InteropServices.InAttribute),L0gg3r.LogSinks.Console.SmartConsoleLogSink.SmartConsole)
FNDA:4,System.Threading.Tasks.ValueTask L0gg3r.LogSinks.Console.SmartConsoleLogSink.SmartConsoleLogSink::WriteAsync(L0gg3r.LogMessage& modreq(System.Runtime.InteropServices.InAttribute),L0gg3r.LogSinks.Console.SmartConsoleLogSink.SmartConsole)
DA:46,4
DA:47,4
DA:50,4
DA:51,4
DA:52,3
DA:53,1
DA:54,1
DA:55,1
DA:56,1
DA:58,4
DA:59,4
FN:28,System.Void L0gg3r.LogSinks.Console.SmartConsoleLogSink.SmartConsoleLogSink::.ctor()
FNDA:4,System.Void L0gg3r.LogSinks.Console.SmartConsoleLogSink.SmartConsoleLogSink::.ctor()
DA:29,4
DA:30,4
DA:31,4
DA:32,4
LF:16
LH:16
BRF:0
BRH:0
FNF:3
FNH:3
end_of_record
SF:/Users/wolf/Coden/L0gg3r/L0gg3r.LogSinks.Console.SmartConsoleLogSink/src/SmartConsoleLogSinkBuilder.cs
FN:31,L0gg3r.LogSinks.Console.SmartConsoleLogSink.SmartConsoleLogSinkBuilder L0gg3r.LogSinks.Console.SmartConsoleLogSink.SmartConsoleLogSinkBuilder::WithFormat(System.String)
FNDA:0,L0gg3r.LogSinks.Console.SmartConsoleLogSink.SmartConsoleLogSinkBuilder L0gg3r.LogSinks.Console.SmartConsoleLogSink.SmartConsoleLogSinkBuilder::WithFormat(System.String)
DA:32,0
DA:33,0
DA:34,0
LF:3
LH:0
BRF:0
BRH:0
FNF:1
FNH:0
end_of_record
SF:/Users/wolf/Coden/L0gg3r/L0gg3r.LogSinks.Console.Base/src/ConsoleLogSinkBase.cs
FN:42,TConsole L0gg3r.LogSinks.Console.Base.ConsoleLogSinkBase`1::get_Console()
FNDA:8,TConsole L0gg3r.LogSinks.Console.Base.ConsoleLogSinkBase`1::get_Console()
DA:43,8
FN:195,System.Threading.Tasks.ValueTask L0gg3r.LogSinks.Console.Base.ConsoleLogSinkBase`1::WriteAsync(L0gg3r.LogMessage& modreq(System.Runtime.InteropServices.InAttribute))
FNDA:4,System.Threading.Tasks.ValueTask L0gg3r.LogSinks.Console.Base.ConsoleLogSinkBase`1::WriteAsync(L0gg3r.LogMessage& modreq(System.Runtime.InteropServices.InAttribute))
DA:196,4
DA:197,4
DA:198,4
FN:26,System.Void L0gg3r.LogSinks.Console.Base.ConsoleLogSinkBase`1::.ctor(TConsole)
FNDA:4,System.Void L0gg3r.LogSinks.Console.Base.ConsoleLogSinkBase`1::.ctor(TConsole)
DA:27,4
DA:28,4
DA:29,4
DA:31,4
DA:33,4
DA:34,4
FN:65,System.Void L0gg3r.LogSinks.Console.Base.ConsoleLogSinkBase`1/<AskAsync>d__4`1::MoveNext()
FNDA:0,System.Void L0gg3r.LogSinks.Console.Base.ConsoleLogSinkBase`1/<AskAsync>d__4`1::MoveNext()
DA:66,0
DA:67,0
DA:69,0
DA:71,0
DA:73,0
DA:74,0
FN:93,System.Void L0gg3r.LogSinks.Console.Base.ConsoleLogSinkBase`1/<AskAsync>d__5`1::MoveNext()
FNDA:0,System.Void L0gg3r.LogSinks.Console.Base.ConsoleLogSinkBase`1/<AskAsync>d__5`1::MoveNext()
DA:94,0
DA:95,0
DA:97,0
DA:99,0
DA:101,0
DA:102,0
FN:125,System.Void L0gg3r.LogSinks.Console.Base.ConsoleLogSinkBase`1/<AskAsync>d__6`1::MoveNext()
FNDA:0,System.Void L0gg3r.LogSinks.Console.Base.ConsoleLogSinkBase`1/<AskAsync>d__6`1::MoveNext()
DA:126,0
DA:127,0
DA:129,0
DA:131,0
DA:133,0
DA:134,0
FN:151,System.Void L0gg3r.LogSinks.Console.Base.ConsoleLogSinkBase`1/<ConfirmAsync>d__7::MoveNext()
FNDA:0,System.Void L0gg3r.LogSinks.Console.Base.ConsoleLogSinkBase`1/<ConfirmAsync>d__7::MoveNext()
DA:152,0
DA:153,0
DA:155,0
DA:157,0
DA:159,0
DA:160,0
FN:178,System.Void L0gg3r.LogSinks.Console.Base.ConsoleLogSinkBase`1/<ConfirmAsync>d__8::MoveNext()
FNDA:0,System.Void L0gg3r.LogSinks.Console.Base.ConsoleLogSinkBase`1/<ConfirmAsync>d__8::MoveNext()
DA:179,0
DA:180,0
DA:182,0
DA:184,0
DA:186,0
DA:187,0
LF:40
LH:10
BRF:0
BRH:0
FNF:8
FNH:3
end_of_record
SF:/Users/wolf/Coden/L0gg3r/L0gg3r.LogSinks.Console.Base/src/IConsole.cs
FN:67,System.Boolean L0gg3r.LogSinks.Console.Base.IConsole::Confirm(System.String)
FNDA:0,System.Boolean L0gg3r.LogSinks.Console.Base.IConsole::Confirm(System.String)
DA:68,0
FN:99,TValue L0gg3r.LogSinks.Console.Base.IConsole::Ask(System.String)
FNDA:0,TValue L0gg3r.LogSinks.Console.Base.IConsole::Ask(System.String)
DA:100,0
DA:103,0
DA:104,0
BRDA:103,10,0,0
BRDA:103,10,1,0
FN:123,TValue L0gg3r.LogSinks.Console.Base.IConsole::Ask(System.String,TValue)
FNDA:0,TValue L0gg3r.LogSinks.Console.Base.IConsole::Ask(System.String,TValue)
DA:124,0
DA:127,0
DA:128,0
BRDA:127,10,0,0
BRDA:127,10,1,0
FN:100,TValue L0gg3r.LogSinks.Console.Base.IConsole::<Ask>g__Converter|7_0(System.String)
FNDA:0,TValue L0gg3r.LogSinks.Console.Base.IConsole::<Ask>g__Converter|7_0(System.String)
DA:101,0
FN:124,TValue L0gg3r.LogSinks.Console.Base.IConsole::<Ask>g__Converter|8_0(System.String)
FNDA:0,TValue L0gg3r.LogSinks.Console.Base.IConsole::<Ask>g__Converter|8_0(System.String)
DA:125,0
LF:9
LH:0
BRF:4
BRH:0
FNF:5
FNH:0
end_of_record