SF:/Users/wolf/Coden/L0gg3r/L0gg3r.LogSinks.Console.SmartConsoleLogSink/src/SmartConsoleLogSink.cs
FN:36,System.String L0gg3r.LogSinks.Console.SmartConsoleLogSink.SmartConsoleLogSink::get_Format()
FNDA:1,System.String L0gg3r.LogSinks.Console.SmartConsoleLogSink.SmartConsoleLogSink::get_Format()
DA:37,1
FN:45,System.Threading.Tasks.ValueTask L0gg3r.LogSinks.Console.SmartConsoleLogSink.SmartConsoleLogSink::WriteAsync(L0gg3r.LogMessage& modreq(System.Runtime.InteropServices.InAttribute),L0gg3r.LogSinks.Console.SmartConsoleLogSink.SmartConsole)
FNDA:0,System.Threading.Tasks.ValueTask L0gg3r.LogSinks.Console.SmartConsoleLogSink.SmartConsoleLogSink::WriteAsync(L0gg3r.LogMessage& modreq(System.Runtime.InteropServices.InAttribute),L0gg3r.LogSinks.Console.SmartConsoleLogSink.SmartConsole)
DA:46,0
DA:47,0
DA:50,0
DA:51,0
DA:52,0
DA:53,0
DA:54,0
DA:55,0
DA:56,0
DA:58,0
DA:59,0
FN:28,System.Void L0gg3r.LogSinks.Console.SmartConsoleLogSink.SmartConsoleLogSink::.ctor()
FNDA:1,System.Void L0gg3r.LogSinks.Console.SmartConsoleLogSink.SmartConsoleLogSink::.ctor()
DA:29,1
DA:30,1
DA:31,1
DA:32,1
LF:16
LH:5
BRF:0
BRH:0
FNF:3
FNH:2
end_of_record
SF:/Users/wolf/Coden/L0gg3r/L0gg3r.LogSinks.Console.SmartConsoleLogSink/src/SmartConsoleLogSinkBuilder.cs
FN:31,L0gg3r.LogSinks.Console.SmartConsoleLogSink.SmartConsoleLogSinkBuilder L0gg3r.LogSinks.Console.SmartConsoleLogSink.SmartConsoleLogSinkBuilder::WithFormat(System.String)
FNDA:0,L0gg3r.LogSinks.Console.SmartConsoleLogSink.SmartConsoleLogSinkBuilder L0gg3r.LogSinks.Console.SmartConsoleLogSink.SmartConsoleLogSinkBuilder::WithFormat(System.String)
DA:32,0
DA:33,0
DA:34,0
LF:3
LH:0
BRF:0
BRH:0
FNF:1
FNH:0
end_of_record